{"/home/travis/build/npmtest/node-npmtest-email-templates/test.js":{"path":"/home/travis/build/npmtest/node-npmtest-email-templates/test.js","s":{"1":2,"2":2,"3":2,"4":2,"5":2,"6":2,"7":2,"8":1,"9":2,"10":2,"11":1,"12":1,"13":1,"14":1,"15":2,"16":2,"17":2,"18":2,"19":1,"20":1,"21":2,"22":2,"23":2,"24":1,"25":1,"26":1,"27":1,"28":1,"29":1,"30":1,"31":1,"32":1,"33":1,"34":1,"35":1,"36":1,"37":1,"38":1,"39":2,"40":2,"41":1,"42":2,"43":2,"44":1,"45":2,"46":2,"47":1,"48":2,"49":2,"50":1,"51":1,"52":1,"53":1,"54":1},"b":{"1":[2,1,1,1],"2":[1,1,1,1],"3":[1,1],"4":[1,1],"5":[1,1],"6":[1,1],"7":[1,1],"8":[1,1],"9":[1,1],"10":[1,1,1],"11":[1,1],"12":[1,1],"13":[1,1],"14":[1,1],"15":[1,1],"16":[1,1],"17":[1,1]},"f":{"1":2,"2":2,"3":2,"4":2,"5":2,"6":1,"7":1,"8":1,"9":2,"10":2,"11":2,"12":2,"13":1},"fnMap":{"1":{"name":"(anonymous_1)","line":12,"loc":{"start":{"line":12,"column":1},"end":{"line":12,"column":13}}},"2":{"name":"(anonymous_2)","line":19,"loc":{"start":{"line":19,"column":5},"end":{"line":19,"column":17}}},"3":{"name":"(anonymous_3)","line":23,"loc":{"start":{"line":23,"column":24},"end":{"line":23,"column":36}}},"4":{"name":"(anonymous_4)","line":61,"loc":{"start":{"line":61,"column":5},"end":{"line":61,"column":17}}},"5":{"name":"(anonymous_5)","line":82,"loc":{"start":{"line":82,"column":5},"end":{"line":82,"column":17}}},"6":{"name":"(anonymous_6)","line":91,"loc":{"start":{"line":91,"column":77},"end":{"line":94,"column":10}}},"7":{"name":"(anonymous_7)","line":112,"loc":{"start":{"line":112,"column":83},"end":{"line":115,"column":10}},"skip":true},"8":{"name":"(anonymous_8)","line":123,"loc":{"start":{"line":123,"column":77},"end":{"line":126,"column":10}},"skip":true},"9":{"name":"(anonymous_9)","line":139,"loc":{"start":{"line":139,"column":12},"end":{"line":139,"column":40}},"skip":true},"10":{"name":"(anonymous_10)","line":147,"loc":{"start":{"line":147,"column":77},"end":{"line":150,"column":10}},"skip":true},"11":{"name":"(anonymous_11)","line":158,"loc":{"start":{"line":158,"column":83},"end":{"line":161,"column":10}},"skip":true},"12":{"name":"(anonymous_12)","line":169,"loc":{"start":{"line":169,"column":79},"end":{"line":172,"column":10}},"skip":true},"13":{"name":"(anonymous_13)","line":180,"loc":{"start":{"line":180,"column":75},"end":{"line":183,"column":10}},"skip":true}},"statementMap":{"1":{"start":{"line":12,"column":0},"end":{"line":195,"column":5}},"2":{"start":{"line":14,"column":4},"end":{"line":14,"column":14}},"3":{"start":{"line":19,"column":4},"end":{"line":56,"column":9}},"4":{"start":{"line":21,"column":8},"end":{"line":21,"column":19}},"5":{"start":{"line":23,"column":8},"end":{"line":35,"column":13}},"6":{"start":{"line":24,"column":12},"end":{"line":34,"column":13}},"7":{"start":{"line":25,"column":16},"end":{"line":28,"column":30}},"8":{"start":{"line":30,"column":16},"end":{"line":33,"column":27}},"9":{"start":{"line":37,"column":8},"end":{"line":39,"column":21}},"10":{"start":{"line":40,"column":8},"end":{"line":53,"column":9}},"11":{"start":{"line":43,"column":12},"end":{"line":46,"column":14}},"12":{"start":{"line":47,"column":12},"end":{"line":47,"column":18}},"13":{"start":{"line":50,"column":12},"end":{"line":51,"column":33}},"14":{"start":{"line":52,"column":12},"end":{"line":52,"column":18}},"15":{"start":{"line":55,"column":8},"end":{"line":55,"column":35}},"16":{"start":{"line":61,"column":4},"end":{"line":63,"column":9}},"17":{"start":{"line":62,"column":8},"end":{"line":62,"column":15}},"18":{"start":{"line":64,"column":4},"end":{"line":77,"column":5}},"19":{"start":{"line":70,"column":8},"end":{"line":70,"column":14}},"20":{"start":{"line":76,"column":8},"end":{"line":76,"column":14}},"21":{"start":{"line":82,"column":4},"end":{"line":84,"column":9}},"22":{"start":{"line":83,"column":8},"end":{"line":83,"column":15}},"23":{"start":{"line":85,"column":4},"end":{"line":194,"column":5}},"24":{"start":{"line":91,"column":8},"end":{"line":99,"column":10}},"25":{"start":{"line":98,"column":12},"end":{"line":98,"column":35}},"26":{"start":{"line":102,"column":8},"end":{"line":104,"column":63}},"27":{"start":{"line":105,"column":8},"end":{"line":105,"column":14}},"28":{"start":{"line":112,"column":8},"end":{"line":121,"column":10},"skip":true},"29":{"start":{"line":119,"column":12},"end":{"line":119,"column":55},"skip":true},"30":{"start":{"line":120,"column":12},"end":{"line":120,"column":48},"skip":true},"31":{"start":{"line":123,"column":8},"end":{"line":136,"column":10},"skip":true},"32":{"start":{"line":130,"column":12},"end":{"line":130,"column":76},"skip":true},"33":{"start":{"line":131,"column":12},"end":{"line":131,"column":73},"skip":true},"34":{"start":{"line":132,"column":12},"end":{"line":132,"column":74},"skip":true},"35":{"start":{"line":133,"column":12},"end":{"line":133,"column":79},"skip":true},"36":{"start":{"line":134,"column":12},"end":{"line":134,"column":25},"skip":true},"37":{"start":{"line":135,"column":12},"end":{"line":135,"column":45},"skip":true},"38":{"start":{"line":138,"column":8},"end":{"line":145,"column":14},"skip":true},"39":{"start":{"line":143,"column":16},"end":{"line":143,"column":29},"skip":true},"40":{"start":{"line":144,"column":16},"end":{"line":144,"column":55},"skip":true},"41":{"start":{"line":147,"column":8},"end":{"line":156,"column":10},"skip":true},"42":{"start":{"line":154,"column":12},"end":{"line":154,"column":25},"skip":true},"43":{"start":{"line":155,"column":12},"end":{"line":155,"column":45},"skip":true},"44":{"start":{"line":158,"column":8},"end":{"line":167,"column":10},"skip":true},"45":{"start":{"line":165,"column":12},"end":{"line":165,"column":25},"skip":true},"46":{"start":{"line":166,"column":12},"end":{"line":166,"column":48},"skip":true},"47":{"start":{"line":169,"column":8},"end":{"line":178,"column":10},"skip":true},"48":{"start":{"line":176,"column":12},"end":{"line":176,"column":25},"skip":true},"49":{"start":{"line":177,"column":12},"end":{"line":177,"column":46},"skip":true},"50":{"start":{"line":180,"column":8},"end":{"line":189,"column":10},"skip":true},"51":{"start":{"line":187,"column":12},"end":{"line":187,"column":94},"skip":true},"52":{"start":{"line":188,"column":12},"end":{"line":188,"column":48},"skip":true},"53":{"start":{"line":192,"column":8},"end":{"line":192,"column":35},"skip":true},"54":{"start":{"line":193,"column":8},"end":{"line":193,"column":14},"skip":true}},"branchMap":{"1":{"line":25,"type":"binary-expr","locations":[{"start":{"line":25,"column":23},"end":{"line":25,"column":62}},{"start":{"line":26,"column":20},"end":{"line":26,"column":70}},{"start":{"line":27,"column":20},"end":{"line":27,"column":71}},{"start":{"line":28,"column":20},"end":{"line":28,"column":29}}]},"2":{"line":30,"type":"binary-expr","locations":[{"start":{"line":30,"column":23},"end":{"line":30,"column":37}},{"start":{"line":31,"column":20},"end":{"line":31,"column":61}},{"start":{"line":32,"column":20},"end":{"line":32,"column":70}},{"start":{"line":33,"column":20},"end":{"line":33,"column":26}}]},"3":{"line":37,"type":"cond-expr","locations":[{"start":{"line":38,"column":14},"end":{"line":38,"column":20}},{"start":{"line":39,"column":14},"end":{"line":39,"column":20}}]},"4":{"line":40,"type":"switch","locations":[{"start":{"line":42,"column":8},"end":{"line":47,"column":18}},{"start":{"line":49,"column":8},"end":{"line":52,"column":18}}]},"5":{"line":44,"type":"binary-expr","locations":[{"start":{"line":44,"column":16},"end":{"line":44,"column":44}},{"start":{"line":44,"column":48},"end":{"line":44,"column":66}}]},"6":{"line":50,"type":"binary-expr","locations":[{"start":{"line":50,"column":21},"end":{"line":50,"column":49}},{"start":{"line":50,"column":53},"end":{"line":50,"column":72}}]},"7":{"line":64,"type":"switch","locations":[{"start":{"line":69,"column":4},"end":{"line":70,"column":14}},{"start":{"line":75,"column":4},"end":{"line":76,"column":14}}]},"8":{"line":85,"type":"switch","locations":[{"start":{"line":90,"column":4},"end":{"line":105,"column":14}},{"start":{"line":111,"column":4},"end":{"line":193,"column":14},"skip":true}]},"9":{"line":91,"type":"binary-expr","locations":[{"start":{"line":91,"column":42},"end":{"line":91,"column":73}},{"start":{"line":91,"column":77},"end":{"line":99,"column":9}}]},"10":{"line":102,"type":"binary-expr","locations":[{"start":{"line":102,"column":18},"end":{"line":102,"column":32}},{"start":{"line":103,"column":12},"end":{"line":103,"column":53}},{"start":{"line":104,"column":12},"end":{"line":104,"column":61}}]},"11":{"line":112,"type":"binary-expr","locations":[{"start":{"line":112,"column":45},"end":{"line":112,"column":79},"skip":true},{"start":{"line":112,"column":83},"end":{"line":121,"column":9},"skip":true}]},"12":{"line":123,"type":"binary-expr","locations":[{"start":{"line":123,"column":42},"end":{"line":123,"column":73},"skip":true},{"start":{"line":123,"column":77},"end":{"line":136,"column":9},"skip":true}]},"13":{"line":138,"type":"binary-expr","locations":[{"start":{"line":138,"column":48},"end":{"line":138,"column":85},"skip":true},{"start":{"line":139,"column":12},"end":{"line":145,"column":13},"skip":true}]},"14":{"line":147,"type":"binary-expr","locations":[{"start":{"line":147,"column":42},"end":{"line":147,"column":73},"skip":true},{"start":{"line":147,"column":77},"end":{"line":156,"column":9},"skip":true}]},"15":{"line":158,"type":"binary-expr","locations":[{"start":{"line":158,"column":45},"end":{"line":158,"column":79},"skip":true},{"start":{"line":158,"column":83},"end":{"line":167,"column":9},"skip":true}]},"16":{"line":169,"type":"binary-expr","locations":[{"start":{"line":169,"column":43},"end":{"line":169,"column":75},"skip":true},{"start":{"line":169,"column":79},"end":{"line":178,"column":9},"skip":true}]},"17":{"line":180,"type":"binary-expr","locations":[{"start":{"line":180,"column":41},"end":{"line":180,"column":71},"skip":true},{"start":{"line":180,"column":75},"end":{"line":189,"column":9},"skip":true}]}},"code":["/* istanbul instrument in package npmtest_email_templates */","/*jslint","    bitwise: true,","    browser: true,","    maxerr: 8,","    maxlen: 96,","    node: true,","    nomen: true,","    regexp: true,","    stupid: true","*/","(function () {","    'use strict';","    var local;","","","","    // run shared js-env code - init-before","    (function () {","        // init local","        local = {};","        // init modeJs","        local.modeJs = (function () {","            try {","                return typeof navigator.userAgent === 'string' &&","                    typeof document.querySelector('body') === 'object' &&","                    typeof XMLHttpRequest.prototype.open === 'function' &&","                    'browser';","            } catch (errorCaughtBrowser) {","                return module.exports &&","                    typeof process.versions.node === 'string' &&","                    typeof require('http').createServer === 'function' &&","                    'node';","            }","        }());","        // init global","        local.global = local.modeJs === 'browser'","            ? window","            : global;","        switch (local.modeJs) {","        // re-init local from window.local","        case 'browser':","            local = local.global.utility2.objectSetDefault(","                local.global.utility2_rollup || local.global.local,","                local.global.utility2","            );","            break;","        // re-init local from example.js","        case 'node':","            local = (local.global.utility2_rollup || require('utility2'))","                .requireReadme();","            break;","        }","        // export local","        local.global.local = local;","    }());","","","","    // run shared js-env code - function","    (function () {","        return;","    }());","    switch (local.modeJs) {","","","","    // run browser js-env code - function","    case 'browser':","        break;","","","","    // run node js-env code - function","    case 'node':","        break;","    }","","","","    // run shared js-env code - init-after","    (function () {","        return;","    }());","    switch (local.modeJs) {","","","","    // run browser js-env code - init-after","    case 'browser':","        local.testCase_browser_nullCase = local.testCase_browser_nullCase || function (","            options,","            onError","        ) {","        /*","         * this function will test browsers's null-case handling-behavior-behavior","         */","            onError(null, options);","        };","","        // run tests","        local.nop(local.modeTest &&","            document.querySelector('#testRunButton1') &&","            document.querySelector('#testRunButton1').click());","        break;","","","","    // run node js-env code - init-after","    /* istanbul ignore next */","    case 'node':","        local.testCase_buildApidoc_default = local.testCase_buildApidoc_default || function (","            options,","            onError","        ) {","        /*","         * this function will test buildApidoc's default handling-behavior-behavior","         */","            options = { modulePathList: module.paths };","            local.buildApidoc(options, onError);","        };","","        local.testCase_buildApp_default = local.testCase_buildApp_default || function (","            options,","            onError","        ) {","        /*","         * this function will test buildApp's default handling-behavior-behavior","         */","            local.testCase_buildReadme_default(options, local.onErrorThrow);","            local.testCase_buildLib_default(options, local.onErrorThrow);","            local.testCase_buildTest_default(options, local.onErrorThrow);","            local.testCase_buildCustomOrg_default(options, local.onErrorThrow);","            options = [];","            local.buildApp(options, onError);","        };","","        local.testCase_buildCustomOrg_default = local.testCase_buildCustomOrg_default ||","            function (options, onError) {","            /*","             * this function will test buildCustomOrg's default handling-behavior","             */","                options = {};","                local.buildCustomOrg(options, onError);","            };","","        local.testCase_buildLib_default = local.testCase_buildLib_default || function (","            options,","            onError","        ) {","        /*","         * this function will test buildLib's default handling-behavior","         */","            options = {};","            local.buildLib(options, onError);","        };","","        local.testCase_buildReadme_default = local.testCase_buildReadme_default || function (","            options,","            onError","        ) {","        /*","         * this function will test buildReadme's default handling-behavior-behavior","         */","            options = {};","            local.buildReadme(options, onError);","        };","","        local.testCase_buildTest_default = local.testCase_buildTest_default || function (","            options,","            onError","        ) {","        /*","         * this function will test buildTest's default handling-behavior","         */","            options = {};","            local.buildTest(options, onError);","        };","","        local.testCase_webpage_default = local.testCase_webpage_default || function (","            options,","            onError","        ) {","        /*","         * this function will test webpage's default handling-behavior","         */","            options = { modeCoverageMerge: true, url: local.serverLocalHost + '?modeTest=1' };","            local.browserTest(options, onError);","        };","","        // run test-server","        local.testRunServer(local);","        break;","    }","}());",""],"l":{"12":2,"14":2,"19":2,"21":2,"23":2,"24":2,"25":2,"30":1,"37":2,"40":2,"43":1,"47":1,"50":1,"52":1,"55":2,"61":2,"62":2,"64":2,"70":1,"76":1,"82":2,"83":2,"85":2,"91":1,"98":1,"102":1,"105":1,"112":1,"119":1,"120":1,"123":1,"130":1,"131":1,"132":1,"133":1,"134":1,"135":1,"138":1,"143":2,"144":2,"147":1,"154":2,"155":2,"158":1,"165":2,"166":2,"169":1,"176":2,"177":2,"180":1,"187":1,"188":1,"192":1,"193":1}},"/home/travis/build/npmtest/node-npmtest-email-templates/lib.npmtest_email_templates.js":{"path":"/home/travis/build/npmtest/node-npmtest-email-templates/lib.npmtest_email_templates.js","s":{"1":2,"2":2,"3":2,"4":2,"5":2,"6":2,"7":2,"8":1,"9":2,"10":2,"11":2,"12":2,"13":1,"14":1,"15":1,"16":1},"b":{"1":[2,1,1,1],"2":[1,1,1,1],"3":[1,1],"4":[2,2],"5":[1,1]},"f":{"1":2,"2":2,"3":2},"fnMap":{"1":{"name":"(anonymous_1)","line":12,"loc":{"start":{"line":12,"column":1},"end":{"line":12,"column":13}}},"2":{"name":"(anonymous_2)","line":19,"loc":{"start":{"line":19,"column":5},"end":{"line":19,"column":17}}},"3":{"name":"(anonymous_3)","line":23,"loc":{"start":{"line":23,"column":24},"end":{"line":23,"column":36}}}},"statementMap":{"1":{"start":{"line":12,"column":0},"end":{"line":53,"column":5}},"2":{"start":{"line":14,"column":4},"end":{"line":14,"column":14}},"3":{"start":{"line":19,"column":4},"end":{"line":52,"column":9}},"4":{"start":{"line":21,"column":8},"end":{"line":21,"column":19}},"5":{"start":{"line":23,"column":8},"end":{"line":35,"column":13}},"6":{"start":{"line":24,"column":12},"end":{"line":34,"column":13}},"7":{"start":{"line":25,"column":16},"end":{"line":28,"column":30}},"8":{"start":{"line":30,"column":16},"end":{"line":33,"column":27}},"9":{"start":{"line":37,"column":8},"end":{"line":39,"column":21}},"10":{"start":{"line":41,"column":8},"end":{"line":41,"column":54}},"11":{"start":{"line":43,"column":8},"end":{"line":43,"column":60}},"12":{"start":{"line":45,"column":8},"end":{"line":51,"column":9}},"13":{"start":{"line":46,"column":12},"end":{"line":46,"column":66}},"14":{"start":{"line":48,"column":12},"end":{"line":48,"column":35}},"15":{"start":{"line":49,"column":12},"end":{"line":49,"column":49}},"16":{"start":{"line":50,"column":12},"end":{"line":50,"column":43}}},"branchMap":{"1":{"line":25,"type":"binary-expr","locations":[{"start":{"line":25,"column":23},"end":{"line":25,"column":62}},{"start":{"line":26,"column":20},"end":{"line":26,"column":70}},{"start":{"line":27,"column":20},"end":{"line":27,"column":71}},{"start":{"line":28,"column":20},"end":{"line":28,"column":29}}]},"2":{"line":30,"type":"binary-expr","locations":[{"start":{"line":30,"column":23},"end":{"line":30,"column":37}},{"start":{"line":31,"column":20},"end":{"line":31,"column":61}},{"start":{"line":32,"column":20},"end":{"line":32,"column":70}},{"start":{"line":33,"column":20},"end":{"line":33,"column":26}}]},"3":{"line":37,"type":"cond-expr","locations":[{"start":{"line":38,"column":14},"end":{"line":38,"column":20}},{"start":{"line":39,"column":14},"end":{"line":39,"column":20}}]},"4":{"line":41,"type":"binary-expr","locations":[{"start":{"line":41,"column":16},"end":{"line":41,"column":44}},{"start":{"line":41,"column":48},"end":{"line":41,"column":53}}]},"5":{"line":45,"type":"if","locations":[{"start":{"line":45,"column":8},"end":{"line":45,"column":8}},{"start":{"line":45,"column":8},"end":{"line":45,"column":8}}]}},"code":["/* istanbul instrument in package npmtest_email_templates */","/*jslint","    bitwise: true,","    browser: true,","    maxerr: 8,","    maxlen: 96,","    node: true,","    nomen: true,","    regexp: true,","    stupid: true","*/","(function () {","    'use strict';","    var local;","","","","    // run shared js-env code - init-before","    (function () {","        // init local","        local = {};","        // init modeJs","        local.modeJs = (function () {","            try {","                return typeof navigator.userAgent === 'string' &&","                    typeof document.querySelector('body') === 'object' &&","                    typeof XMLHttpRequest.prototype.open === 'function' &&","                    'browser';","            } catch (errorCaughtBrowser) {","                return module.exports &&","                    typeof process.versions.node === 'string' &&","                    typeof require('http').createServer === 'function' &&","                    'node';","            }","        }());","        // init global","        local.global = local.modeJs === 'browser'","            ? window","            : global;","        // init utility2_rollup","        local = local.global.utility2_rollup || local;","        // init lib","        local.local = local.npmtest_email_templates = local;","        // init exports","        if (local.modeJs === 'browser') {","            local.global.utility2_npmtest_email_templates = local;","        } else {","            module.exports = local;","            module.exports.__dirname = __dirname;","            module.exports.module = module;","        }","    }());","}());",""],"l":{"12":2,"14":2,"19":2,"21":2,"23":2,"24":2,"25":2,"30":1,"37":2,"41":2,"43":2,"45":2,"46":1,"48":1,"49":1,"50":1}},"/home/travis/build/npmtest/node-npmtest-email-templates/example.js":{"path":"/home/travis/build/npmtest/node-npmtest-email-templates/example.js","s":{"1":2,"2":2,"3":2,"4":2,"5":2,"6":2,"7":2,"8":1,"9":2,"10":2,"11":2,"12":2,"13":1,"14":2,"15":2,"16":2,"17":2,"18":2,"19":0,"20":2,"21":1,"22":1,"23":1,"24":1,"25":1,"26":0,"27":0,"28":1,"29":1,"30":2,"31":0,"32":0,"33":0,"34":1,"35":2,"36":2,"37":3,"38":3,"39":3,"40":3,"41":0,"42":3,"43":3,"44":3,"45":1,"46":3,"47":1,"48":1,"49":1,"50":1,"51":1,"52":1,"53":1,"54":1,"55":1,"56":1,"57":0,"58":1,"59":6,"60":6,"61":1,"62":2,"63":0,"64":2,"65":1,"66":1,"67":0,"68":0,"69":0,"70":0,"71":0,"72":0,"73":0,"74":0,"75":0,"76":0,"77":0,"78":0,"79":0,"80":0,"81":0,"82":0,"83":0},"b":{"1":[2,1,1,1],"2":[1,1,1,1],"3":[1,1],"4":[2,2],"5":[1,1],"6":[1,1],"7":[2,0],"8":[2,1,1,1,1,1],"9":[0,2,0],"10":[1,1],"11":[2,1,1],"12":[1,0],"13":[0,2],"14":[2,0,0,0,0,0,0],"15":[0,3],"16":[3,0],"17":[1,1],"18":[0,1],"19":[1,2,0,2],"20":[1,0],"21":[1,1],"22":[0,0],"23":[0,0],"24":[0,0],"25":[0,0],"26":[0,0],"27":[0,0],"28":[0,0]},"f":{"1":2,"2":2,"3":2,"4":2,"5":2,"6":2,"7":3,"8":3,"9":3,"10":1,"11":6,"12":0},"fnMap":{"1":{"name":"(anonymous_1)","line":26,"loc":{"start":{"line":26,"column":1},"end":{"line":26,"column":13}}},"2":{"name":"(anonymous_2)","line":33,"loc":{"start":{"line":33,"column":5},"end":{"line":33,"column":17}}},"3":{"name":"(anonymous_3)","line":37,"loc":{"start":{"line":37,"column":24},"end":{"line":37,"column":36}}},"4":{"name":"(anonymous_4)","line":69,"loc":{"start":{"line":69,"column":31},"end":{"line":69,"column":48}},"skip":true},"5":{"name":"(anonymous_5)","line":78,"loc":{"start":{"line":78,"column":26},"end":{"line":78,"column":45}},"skip":true},"6":{"name":"(anonymous_6)","line":123,"loc":{"start":{"line":123,"column":33},"end":{"line":123,"column":48}},"skip":true},"7":{"name":"(anonymous_7)","line":125,"loc":{"start":{"line":125,"column":27},"end":{"line":125,"column":39}},"skip":true},"8":{"name":"(anonymous_8)","line":133,"loc":{"start":{"line":133,"column":59},"end":{"line":133,"column":74}},"skip":true},"9":{"name":"(anonymous_9)","line":143,"loc":{"start":{"line":143,"column":45},"end":{"line":143,"column":62}},"skip":true},"10":{"name":"(anonymous_10)","line":144,"loc":{"start":{"line":144,"column":73},"end":{"line":144,"column":92}},"skip":true},"11":{"name":"(anonymous_11)","line":272,"loc":{"start":{"line":272,"column":51},"end":{"line":272,"column":77}},"skip":true},"12":{"name":"(anonymous_12)","line":315,"loc":{"start":{"line":315,"column":32},"end":{"line":315,"column":61}},"skip":true}},"statementMap":{"1":{"start":{"line":26,"column":0},"end":{"line":326,"column":5}},"2":{"start":{"line":28,"column":4},"end":{"line":28,"column":14}},"3":{"start":{"line":33,"column":4},"end":{"line":60,"column":9}},"4":{"start":{"line":35,"column":8},"end":{"line":35,"column":19}},"5":{"start":{"line":37,"column":8},"end":{"line":49,"column":13}},"6":{"start":{"line":38,"column":12},"end":{"line":48,"column":13}},"7":{"start":{"line":39,"column":16},"end":{"line":42,"column":30}},"8":{"start":{"line":44,"column":16},"end":{"line":47,"column":27}},"9":{"start":{"line":51,"column":8},"end":{"line":53,"column":21}},"10":{"start":{"line":55,"column":8},"end":{"line":57,"column":45}},"11":{"start":{"line":59,"column":8},"end":{"line":59,"column":35}},"12":{"start":{"line":61,"column":4},"end":{"line":325,"column":5}},"13":{"start":{"line":69,"column":8},"end":{"line":121,"column":10},"skip":true},"14":{"start":{"line":70,"column":12},"end":{"line":88,"column":13},"skip":true},"15":{"start":{"line":76,"column":16},"end":{"line":87,"column":19},"skip":true},"16":{"start":{"line":79,"column":20},"end":{"line":86,"column":21},"skip":true},"17":{"start":{"line":82,"column":24},"end":{"line":82,"column":43},"skip":true},"18":{"start":{"line":83,"column":24},"end":{"line":83,"column":30},"skip":true},"19":{"start":{"line":85,"column":24},"end":{"line":85,"column":49},"skip":true},"20":{"start":{"line":89,"column":12},"end":{"line":107,"column":13},"skip":true},"21":{"start":{"line":92,"column":16},"end":{"line":102,"column":17},"skip":true},"22":{"start":{"line":93,"column":20},"end":{"line":93,"column":86},"skip":true},"23":{"start":{"line":94,"column":20},"end":{"line":95,"column":45},"skip":true},"24":{"start":{"line":96,"column":20},"end":{"line":96,"column":42},"skip":true},"25":{"start":{"line":97,"column":20},"end":{"line":97,"column":48},"skip":true},"26":{"start":{"line":100,"column":20},"end":{"line":100,"column":85},"skip":true},"27":{"start":{"line":101,"column":20},"end":{"line":101,"column":96},"skip":true},"28":{"start":{"line":103,"column":16},"end":{"line":103,"column":22},"skip":true},"29":{"start":{"line":106,"column":16},"end":{"line":106,"column":22},"skip":true},"30":{"start":{"line":108,"column":12},"end":{"line":120,"column":13},"skip":true},"31":{"start":{"line":114,"column":16},"end":{"line":119,"column":17},"skip":true},"32":{"start":{"line":116,"column":20},"end":{"line":116,"column":78},"skip":true},"33":{"start":{"line":118,"column":20},"end":{"line":118,"column":47},"skip":true},"34":{"start":{"line":123,"column":8},"end":{"line":141,"column":11},"skip":true},"35":{"start":{"line":124,"column":12},"end":{"line":124,"column":54},"skip":true},"36":{"start":{"line":125,"column":12},"end":{"line":140,"column":14},"skip":true},"37":{"start":{"line":126,"column":16},"end":{"line":126,"column":28},"skip":true},"38":{"start":{"line":127,"column":16},"end":{"line":127,"column":69},"skip":true},"39":{"start":{"line":128,"column":16},"end":{"line":128,"column":75},"skip":true},"40":{"start":{"line":129,"column":16},"end":{"line":131,"column":17},"skip":true},"41":{"start":{"line":130,"column":20},"end":{"line":130,"column":27},"skip":true},"42":{"start":{"line":133,"column":16},"end":{"line":137,"column":36},"skip":true},"43":{"start":{"line":134,"column":20},"end":{"line":136,"column":55},"skip":true},"44":{"start":{"line":139,"column":16},"end":{"line":139,"column":57},"skip":true},"45":{"start":{"line":143,"column":8},"end":{"line":147,"column":11},"skip":true},"46":{"start":{"line":144,"column":12},"end":{"line":146,"column":15},"skip":true},"47":{"start":{"line":145,"column":16},"end":{"line":145,"column":70},"skip":true},"48":{"start":{"line":149,"column":8},"end":{"line":149,"column":31},"skip":true},"49":{"start":{"line":150,"column":8},"end":{"line":150,"column":14},"skip":true},"50":{"start":{"line":158,"column":8},"end":{"line":158,"column":31},"skip":true},"51":{"start":{"line":160,"column":8},"end":{"line":160,"column":33},"skip":true},"52":{"start":{"line":161,"column":8},"end":{"line":161,"column":37},"skip":true},"53":{"start":{"line":162,"column":8},"end":{"line":162,"column":35},"skip":true},"54":{"start":{"line":164,"column":8},"end":{"line":164,"column":50},"skip":true},"55":{"start":{"line":166,"column":8},"end":{"line":256,"column":2},"skip":true},"56":{"start":{"line":258,"column":8},"end":{"line":286,"column":9},"skip":true},"57":{"start":{"line":259,"column":12},"end":{"line":269,"column":14},"skip":true},"58":{"start":{"line":271,"column":12},"end":{"line":285,"column":19},"skip":true},"59":{"start":{"line":274,"column":20},"end":{"line":274,"column":35},"skip":true},"60":{"start":{"line":275,"column":20},"end":{"line":284,"column":21},"skip":true},"61":{"start":{"line":277,"column":24},"end":{"line":277,"column":64},"skip":true},"62":{"start":{"line":279,"column":24},"end":{"line":279,"column":40},"skip":true},"63":{"start":{"line":281,"column":24},"end":{"line":281,"column":40},"skip":true},"64":{"start":{"line":283,"column":24},"end":{"line":283,"column":39},"skip":true},"65":{"start":{"line":288,"column":8},"end":{"line":290,"column":9},"skip":true},"66":{"start":{"line":289,"column":12},"end":{"line":289,"column":18},"skip":true},"67":{"start":{"line":291,"column":8},"end":{"line":293,"column":54},"skip":true},"68":{"start":{"line":296,"column":8},"end":{"line":301,"column":37},"skip":true},"69":{"start":{"line":303,"column":8},"end":{"line":303,"column":82},"skip":true},"70":{"start":{"line":306,"column":8},"end":{"line":308,"column":9},"skip":true},"71":{"start":{"line":307,"column":12},"end":{"line":307,"column":82},"skip":true},"72":{"start":{"line":310,"column":8},"end":{"line":312,"column":9},"skip":true},"73":{"start":{"line":311,"column":12},"end":{"line":311,"column":18},"skip":true},"74":{"start":{"line":313,"column":8},"end":{"line":313,"column":54},"skip":true},"75":{"start":{"line":314,"column":8},"end":{"line":314,"column":69},"skip":true},"76":{"start":{"line":315,"column":8},"end":{"line":323,"column":36},"skip":true},"77":{"start":{"line":316,"column":12},"end":{"line":316,"column":61},"skip":true},"78":{"start":{"line":317,"column":12},"end":{"line":320,"column":13},"skip":true},"79":{"start":{"line":318,"column":16},"end":{"line":318,"column":75},"skip":true},"80":{"start":{"line":319,"column":16},"end":{"line":319,"column":23},"skip":true},"81":{"start":{"line":321,"column":12},"end":{"line":321,"column":38},"skip":true},"82":{"start":{"line":322,"column":12},"end":{"line":322,"column":27},"skip":true},"83":{"start":{"line":324,"column":8},"end":{"line":324,"column":14},"skip":true}},"branchMap":{"1":{"line":39,"type":"binary-expr","locations":[{"start":{"line":39,"column":23},"end":{"line":39,"column":62}},{"start":{"line":40,"column":20},"end":{"line":40,"column":70}},{"start":{"line":41,"column":20},"end":{"line":41,"column":71}},{"start":{"line":42,"column":20},"end":{"line":42,"column":29}}]},"2":{"line":44,"type":"binary-expr","locations":[{"start":{"line":44,"column":23},"end":{"line":44,"column":37}},{"start":{"line":45,"column":20},"end":{"line":45,"column":61}},{"start":{"line":46,"column":20},"end":{"line":46,"column":70}},{"start":{"line":47,"column":20},"end":{"line":47,"column":26}}]},"3":{"line":51,"type":"cond-expr","locations":[{"start":{"line":52,"column":14},"end":{"line":52,"column":20}},{"start":{"line":53,"column":14},"end":{"line":53,"column":20}}]},"4":{"line":55,"type":"binary-expr","locations":[{"start":{"line":55,"column":16},"end":{"line":55,"column":44}},{"start":{"line":55,"column":49},"end":{"line":57,"column":43}}]},"5":{"line":55,"type":"cond-expr","locations":[{"start":{"line":56,"column":14},"end":{"line":56,"column":59}},{"start":{"line":57,"column":14},"end":{"line":57,"column":43}}]},"6":{"line":61,"type":"switch","locations":[{"start":{"line":68,"column":4},"end":{"line":150,"column":14},"skip":true},{"start":{"line":156,"column":4},"end":{"line":324,"column":14},"skip":true}]},"7":{"line":70,"type":"if","locations":[{"start":{"line":70,"column":12},"end":{"line":70,"column":12},"skip":true},{"start":{"line":70,"column":12},"end":{"line":70,"column":12},"skip":true}]},"8":{"line":70,"type":"binary-expr","locations":[{"start":{"line":70,"column":16},"end":{"line":70,"column":22},"skip":true},{"start":{"line":70,"column":27},"end":{"line":70,"column":32},"skip":true},{"start":{"line":71,"column":20},"end":{"line":71,"column":39},"skip":true},{"start":{"line":72,"column":20},"end":{"line":72,"column":49},"skip":true},{"start":{"line":73,"column":20},"end":{"line":73,"column":58},"skip":true},{"start":{"line":74,"column":20},"end":{"line":74,"column":69},"skip":true}]},"9":{"line":79,"type":"switch","locations":[{"start":{"line":80,"column":20},"end":{"line":80,"column":33},"skip":true},{"start":{"line":81,"column":20},"end":{"line":83,"column":30},"skip":true},{"start":{"line":84,"column":20},"end":{"line":85,"column":49},"skip":true}]},"10":{"line":89,"type":"switch","locations":[{"start":{"line":90,"column":12},"end":{"line":103,"column":22},"skip":true},{"start":{"line":105,"column":12},"end":{"line":106,"column":22},"skip":true}]},"11":{"line":89,"type":"binary-expr","locations":[{"start":{"line":89,"column":20},"end":{"line":89,"column":25},"skip":true},{"start":{"line":89,"column":29},"end":{"line":89,"column":48},"skip":true},{"start":{"line":89,"column":52},"end":{"line":89,"column":74},"skip":true}]},"12":{"line":92,"type":"if","locations":[{"start":{"line":92,"column":16},"end":{"line":92,"column":16},"skip":true},{"start":{"line":92,"column":16},"end":{"line":92,"column":16},"skip":true}]},"13":{"line":108,"type":"if","locations":[{"start":{"line":108,"column":12},"end":{"line":108,"column":12},"skip":true},{"start":{"line":108,"column":12},"end":{"line":108,"column":12},"skip":true}]},"14":{"line":108,"type":"binary-expr","locations":[{"start":{"line":108,"column":16},"end":{"line":108,"column":61},"skip":true},{"start":{"line":108,"column":66},"end":{"line":108,"column":72},"skip":true},{"start":{"line":108,"column":77},"end":{"line":108,"column":82},"skip":true},{"start":{"line":109,"column":20},"end":{"line":109,"column":39},"skip":true},{"start":{"line":110,"column":20},"end":{"line":110,"column":49},"skip":true},{"start":{"line":111,"column":20},"end":{"line":111,"column":58},"skip":true},{"start":{"line":112,"column":20},"end":{"line":112,"column":68},"skip":true}]},"15":{"line":129,"type":"if","locations":[{"start":{"line":129,"column":16},"end":{"line":129,"column":16},"skip":true},{"start":{"line":129,"column":16},"end":{"line":129,"column":16},"skip":true}]},"16":{"line":134,"type":"cond-expr","locations":[{"start":{"line":135,"column":26},"end":{"line":135,"column":29},"skip":true},{"start":{"line":136,"column":26},"end":{"line":136,"column":54},"skip":true}]},"17":{"line":164,"type":"binary-expr","locations":[{"start":{"line":164,"column":27},"end":{"line":164,"column":43},"skip":true},{"start":{"line":164,"column":47},"end":{"line":164,"column":49},"skip":true}]},"18":{"line":258,"type":"if","locations":[{"start":{"line":258,"column":8},"end":{"line":258,"column":8},"skip":true},{"start":{"line":258,"column":8},"end":{"line":258,"column":8},"skip":true}]},"19":{"line":275,"type":"switch","locations":[{"start":{"line":276,"column":20},"end":{"line":277,"column":64},"skip":true},{"start":{"line":278,"column":20},"end":{"line":279,"column":40},"skip":true},{"start":{"line":280,"column":20},"end":{"line":281,"column":40},"skip":true},{"start":{"line":282,"column":20},"end":{"line":283,"column":39},"skip":true}]},"20":{"line":288,"type":"if","locations":[{"start":{"line":288,"column":8},"end":{"line":288,"column":8},"skip":true},{"start":{"line":288,"column":8},"end":{"line":288,"column":8},"skip":true}]},"21":{"line":288,"type":"binary-expr","locations":[{"start":{"line":288,"column":12},"end":{"line":288,"column":40},"skip":true},{"start":{"line":288,"column":44},"end":{"line":288,"column":67},"skip":true}]},"22":{"line":292,"type":"binary-expr","locations":[{"start":{"line":292,"column":12},"end":{"line":292,"column":50},"skip":true},{"start":{"line":293,"column":12},"end":{"line":293,"column":53},"skip":true}]},"23":{"line":297,"type":"binary-expr","locations":[{"start":{"line":297,"column":12},"end":{"line":297,"column":73},"skip":true},{"start":{"line":298,"column":12},"end":{"line":301,"column":36},"skip":true}]},"24":{"line":303,"type":"binary-expr","locations":[{"start":{"line":303,"column":43},"end":{"line":303,"column":75},"skip":true},{"start":{"line":303,"column":79},"end":{"line":303,"column":81},"skip":true}]},"25":{"line":306,"type":"if","locations":[{"start":{"line":306,"column":8},"end":{"line":306,"column":8},"skip":true},{"start":{"line":306,"column":8},"end":{"line":306,"column":8},"skip":true}]},"26":{"line":310,"type":"if","locations":[{"start":{"line":310,"column":8},"end":{"line":310,"column":8},"skip":true},{"start":{"line":310,"column":8},"end":{"line":310,"column":8},"skip":true}]},"27":{"line":313,"type":"binary-expr","locations":[{"start":{"line":313,"column":27},"end":{"line":313,"column":43},"skip":true},{"start":{"line":313,"column":47},"end":{"line":313,"column":53},"skip":true}]},"28":{"line":317,"type":"if","locations":[{"start":{"line":317,"column":12},"end":{"line":317,"column":12},"skip":true},{"start":{"line":317,"column":12},"end":{"line":317,"column":12},"skip":true}]}},"code":["/*","example.js","","quickstart example","","instruction","    1. save this script as example.js","    2. run the shell command:","        $ npm install npmtest-email-templates && PORT=8081 node example.js","    3. play with the browser-demo on http://127.0.0.1:8081","*/","","","","/* istanbul instrument in package npmtest_email_templates */","/*jslint","    bitwise: true,","    browser: true,","    maxerr: 8,","    maxlen: 96,","    node: true,","    nomen: true,","    regexp: true,","    stupid: true","*/","(function () {","    'use strict';","    var local;","","","","    // run shared js-env code - init-before","    (function () {","        // init local","        local = {};","        // init modeJs","        local.modeJs = (function () {","            try {","                return typeof navigator.userAgent === 'string' &&","                    typeof document.querySelector('body') === 'object' &&","                    typeof XMLHttpRequest.prototype.open === 'function' &&","                    'browser';","            } catch (errorCaughtBrowser) {","                return module.exports &&","                    typeof process.versions.node === 'string' &&","                    typeof require('http').createServer === 'function' &&","                    'node';","            }","        }());","        // init global","        local.global = local.modeJs === 'browser'","            ? window","            : global;","        // init utility2_rollup","        local = local.global.utility2_rollup || (local.modeJs === 'browser'","            ? local.global.utility2_npmtest_email_templates","            : global.utility2_moduleExports);","        // export local","        local.global.local = local;","    }());","    switch (local.modeJs) {","","","","    // init-after","    // run browser js-env code - init-after","    /* istanbul ignore next */","    case 'browser':","        local.testRunBrowser = function (event) {","            if (!event || (event &&","                    event.currentTarget &&","                    event.currentTarget.className &&","                    event.currentTarget.className.includes &&","                    event.currentTarget.className.includes('onreset'))) {","                // reset output","                Array.from(","                    document.querySelectorAll('body > .resettable')","                ).forEach(function (element) {","                    switch (element.tagName) {","                    case 'INPUT':","                    case 'TEXTAREA':","                        element.value = '';","                        break;","                    default:","                        element.textContent = '';","                    }","                });","            }","            switch (event && event.currentTarget && event.currentTarget.id) {","            case 'testRunButton1':","                // show tests","                if (document.querySelector('#testReportDiv1').style.display === 'none') {","                    document.querySelector('#testReportDiv1').style.display = 'block';","                    document.querySelector('#testRunButton1').textContent =","                        'hide internal test';","                    local.modeTest = true;","                    local.testRunDefault(local);","                // hide tests","                } else {","                    document.querySelector('#testReportDiv1').style.display = 'none';","                    document.querySelector('#testRunButton1').textContent = 'run internal test';","                }","                break;","            // custom-case","            default:","                break;","            }","            if (document.querySelector('#inputTextareaEval1') && (!event || (event &&","                    event.currentTarget &&","                    event.currentTarget.className &&","                    event.currentTarget.className.includes &&","                    event.currentTarget.className.includes('oneval')))) {","                // try to eval input-code","                try {","                    /*jslint evil: true*/","                    eval(document.querySelector('#inputTextareaEval1').value);","                } catch (errorCaught) {","                    console.error(errorCaught);","                }","            }","        };","        // log stderr and stdout to #outputTextareaStdout1","        ['error', 'log'].forEach(function (key) {","            console[key + '_original'] = console[key];","            console[key] = function () {","                var element;","                console[key + '_original'].apply(console, arguments);","                element = document.querySelector('#outputTextareaStdout1');","                if (!element) {","                    return;","                }","                // append text to #outputTextareaStdout1","                element.value += Array.from(arguments).map(function (arg) {","                    return typeof arg === 'string'","                        ? arg","                        : JSON.stringify(arg, null, 4);","                }).join(' ') + '\\n';","                // scroll textarea to bottom","                element.scrollTop = element.scrollHeight;","            };","        });","        // init event-handling","        ['change', 'click', 'keyup'].forEach(function (event) {","            Array.from(document.querySelectorAll('.on' + event)).forEach(function (element) {","                element.addEventListener(event, local.testRunBrowser);","            });","        });","        // run tests","        local.testRunBrowser();","        break;","","","","    // run node js-env code - init-after","    /* istanbul ignore next */","    case 'node':","        // export local","        module.exports = local;","        // require modules","        local.fs = require('fs');","        local.http = require('http');","        local.url = require('url');","        // init assets","        local.assetsDict = local.assetsDict || {};","        /* jslint-ignore-begin */","        local.assetsDict['/assets.index.template.html'] = '\\","<!doctype html>\\n\\","<html lang=\"en\">\\n\\","<head>\\n\\","<meta charset=\"UTF-8\">\\n\\","<meta name=\"viewport\" content=\"width=device-width, initial-scale=1\">\\n\\","<title>{{env.npm_package_name}} (v{{env.npm_package_version}})</title>\\n\\","<style>\\n\\","/*csslint\\n\\","    box-sizing: false,\\n\\","    universal-selector: false\\n\\","*/\\n\\","* {\\n\\","    box-sizing: border-box;\\n\\","}\\n\\","body {\\n\\","    background: #dde;\\n\\","    font-family: Arial, Helvetica, sans-serif;\\n\\","    margin: 2rem;\\n\\","}\\n\\","body > * {\\n\\","    margin-bottom: 1rem;\\n\\","}\\n\\",".utility2FooterDiv {\\n\\","    margin-top: 20px;\\n\\","    text-align: center;\\n\\","}\\n\\","</style>\\n\\","<style>\\n\\","/*csslint\\n\\","*/\\n\\","textarea {\\n\\","    font-family: monospace;\\n\\","    height: 10rem;\\n\\","    width: 100%;\\n\\","}\\n\\","textarea[readonly] {\\n\\","    background: #ddd;\\n\\","}\\n\\","</style>\\n\\","</head>\\n\\","<body>\\n\\","<!-- utility2-comment\\n\\","<div id=\"ajaxProgressDiv1\" style=\"background: #d00; height: 2px; left: 0; margin: 0; padding: 0; position: fixed; top: 0; transition: background 0.5s, width 1.5s; width: 25%;\"></div>\\n\\","utility2-comment -->\\n\\","<h1>\\n\\","<!-- utility2-comment\\n\\","    <a\\n\\","        {{#if env.npm_package_homepage}}\\n\\","        href=\"{{env.npm_package_homepage}}\"\\n\\","        {{/if env.npm_package_homepage}}\\n\\","        target=\"_blank\"\\n\\","    >\\n\\","utility2-comment -->\\n\\","        {{env.npm_package_name}} (v{{env.npm_package_version}})\\n\\","<!-- utility2-comment\\n\\","    </a>\\n\\","utility2-comment -->\\n\\","</h1>\\n\\","<h3>{{env.npm_package_description}}</h3>\\n\\","<!-- utility2-comment\\n\\","<h4><a download href=\"assets.app.js\">download standalone app</a></h4>\\n\\","<button class=\"onclick onreset\" id=\"testRunButton1\">run internal test</button><br>\\n\\","<div id=\"testReportDiv1\" style=\"display: none;\"></div>\\n\\","utility2-comment -->\\n\\","\\n\\","\\n\\","\\n\\","<label>stderr and stdout</label>\\n\\","<textarea class=\"resettable\" id=\"outputTextareaStdout1\" readonly></textarea>\\n\\","<!-- utility2-comment\\n\\","{{#if isRollup}}\\n\\","<script src=\"assets.app.js\"></script>\\n\\","{{#unless isRollup}}\\n\\","utility2-comment -->\\n\\","<script src=\"assets.utility2.rollup.js\"></script>\\n\\","<script src=\"jsonp.utility2._stateInit?callback=window.utility2._stateInit\"></script>\\n\\","<script src=\"assets.npmtest_email_templates.rollup.js\"></script>\\n\\","<script src=\"assets.example.js\"></script>\\n\\","<script src=\"assets.test.js\"></script>\\n\\","<!-- utility2-comment\\n\\","{{/if isRollup}}\\n\\","utility2-comment -->\\n\\","<div class=\"utility2FooterDiv\">\\n\\","    [ this app was created with\\n\\","    <a href=\"https://github.com/kaizhu256/node-utility2\" target=\"_blank\">utility2</a>\\n\\","    ]\\n\\","</div>\\n\\","</body>\\n\\","</html>\\n\\","';","        /* jslint-ignore-end */","        if (local.templateRender) {","            local.assetsDict['/'] = local.templateRender(","                local.assetsDict['/assets.index.template.html'],","                {","                    env: local.objectSetDefault(local.env, {","                        npm_package_description: 'the greatest app in the world!',","                        npm_package_name: 'my-app',","                        npm_package_nameAlias: 'my_app',","                        npm_package_version: '0.0.1'","                    })","                }","            );","        } else {","            local.assetsDict['/'] = local.assetsDict['/assets.index.template.html']","                .replace((/\\{\\{env\\.(\\w+?)\\}\\}/g), function (match0, match1) {","                    // jslint-hack","                    String(match0);","                    switch (match1) {","                    case 'npm_package_description':","                        return 'the greatest app in the world!';","                    case 'npm_package_name':","                        return 'my-app';","                    case 'npm_package_nameAlias':","                        return 'my_app';","                    case 'npm_package_version':","                        return '0.0.1';","                    }","                });","        }","        // run the cli","        if (local.global.utility2_rollup || module !== require.main) {","            break;","        }","        local.assetsDict['/assets.example.js'] =","            local.assetsDict['/assets.example.js'] ||","            local.fs.readFileSync(__filename, 'utf8');","        // bug-workaround - long $npm_package_buildCustomOrg","        /* jslint-ignore-begin */","        local.assetsDict['/assets.npmtest_email_templates.rollup.js'] =","            local.assetsDict['/assets.npmtest_email_templates.rollup.js'] ||","            local.fs.readFileSync(","                local.npmtest_email_templates.__dirname + '/lib.npmtest_email_templates.js',","                'utf8'","            ).replace((/^#!/), '//');","        /* jslint-ignore-end */","        local.assetsDict['/favicon.ico'] = local.assetsDict['/favicon.ico'] || '';","        // if $npm_config_timeout_exit exists,","        // then exit this process after $npm_config_timeout_exit ms","        if (Number(process.env.npm_config_timeout_exit)) {","            setTimeout(process.exit, Number(process.env.npm_config_timeout_exit));","        }","        // start server","        if (local.global.utility2_serverHttp1) {","            break;","        }","        process.env.PORT = process.env.PORT || '8081';","        console.error('server starting on port ' + process.env.PORT);","        local.http.createServer(function (request, response) {","            request.urlParsed = local.url.parse(request.url);","            if (local.assetsDict[request.urlParsed.pathname] !== undefined) {","                response.end(local.assetsDict[request.urlParsed.pathname]);","                return;","            }","            response.statusCode = 404;","            response.end();","        }).listen(process.env.PORT);","        break;","    }","}());",""],"l":{"26":2,"28":2,"33":2,"35":2,"37":2,"38":2,"39":2,"44":1,"51":2,"55":2,"59":2,"61":2,"69":1,"70":2,"76":2,"79":2,"82":2,"83":2,"85":1,"89":2,"92":1,"93":1,"94":1,"96":1,"97":1,"100":1,"101":1,"103":1,"106":1,"108":2,"114":1,"116":1,"118":1,"123":1,"124":2,"125":2,"126":3,"127":3,"128":3,"129":3,"130":1,"133":3,"134":3,"139":3,"143":1,"144":3,"145":1,"149":1,"150":1,"158":1,"160":1,"161":1,"162":1,"164":1,"166":1,"258":1,"259":1,"271":1,"274":6,"275":6,"277":1,"279":2,"281":1,"283":2,"288":1,"289":1,"291":1,"296":1,"303":1,"306":1,"307":1,"310":1,"311":1,"313":1,"314":1,"315":1,"316":1,"317":1,"318":1,"319":1,"321":1,"322":1,"324":1}},"/home/travis/build/npmtest/node-npmtest-email-templates/node_modules/email-templates/lib/main.js":{"path":"/home/travis/build/npmtest/node-npmtest-email-templates/node_modules/email-templates/lib/main.js","s":{"1":1,"2":1,"3":1,"4":1,"5":1,"6":1,"7":1,"8":1,"9":0,"10":0,"11":0,"12":0,"13":0,"14":0,"15":0,"16":0,"17":0,"18":0,"19":1,"20":0,"21":0,"22":0,"23":0,"24":0,"25":0,"26":0,"27":0,"28":0,"29":0,"30":0,"31":0,"32":0,"33":0,"34":0,"35":1,"36":1,"37":1},"b":{"1":[0,0],"2":[0,0],"3":[0,0],"4":[0,0],"5":[0,0],"6":[0,0],"7":[0,0],"8":[0,0]},"f":{"1":0,"2":0,"3":0,"4":0,"5":0,"6":0,"7":0},"fnMap":{"1":{"name":"exportable","line":16,"loc":{"start":{"line":16,"column":0},"end":{"line":16,"column":54}}},"2":{"name":"(anonymous_2)","line":25,"loc":{"start":{"line":25,"column":44},"end":{"line":25,"column":59}}},"3":{"name":"template","line":32,"loc":{"start":{"line":32,"column":0},"end":{"line":32,"column":46}}},"4":{"name":"_template","line":33,"loc":{"start":{"line":33,"column":9},"end":{"line":33,"column":57}}},"5":{"name":"(anonymous_5)","line":44,"loc":{"start":{"line":44,"column":28},"end":{"line":44,"column":57}}},"6":{"name":"(anonymous_6)","line":45,"loc":{"start":{"line":45,"column":26},"end":{"line":45,"column":49}}},"7":{"name":"(anonymous_7)","line":52,"loc":{"start":{"line":52,"column":22},"end":{"line":52,"column":45}}}},"statementMap":{"1":{"start":{"line":3,"column":0},"end":{"line":3,"column":33}},"2":{"start":{"line":5,"column":0},"end":{"line":5,"column":47}},"3":{"start":{"line":7,"column":0},"end":{"line":7,"column":46}},"4":{"start":{"line":8,"column":0},"end":{"line":8,"column":56}},"5":{"start":{"line":9,"column":0},"end":{"line":9,"column":56}},"6":{"start":{"line":11,"column":0},"end":{"line":11,"column":32}},"7":{"start":{"line":13,"column":0},"end":{"line":13,"column":34}},"8":{"start":{"line":16,"column":0},"end":{"line":30,"column":1}},"9":{"start":{"line":17,"column":2},"end":{"line":20,"column":3}},"10":{"start":{"line":18,"column":4},"end":{"line":18,"column":19}},"11":{"start":{"line":19,"column":4},"end":{"line":19,"column":17}},"12":{"start":{"line":21,"column":2},"end":{"line":23,"column":3}},"13":{"start":{"line":22,"column":4},"end":{"line":22,"column":61}},"14":{"start":{"line":25,"column":2},"end":{"line":29,"column":5}},"15":{"start":{"line":26,"column":4},"end":{"line":26,"column":30}},"16":{"start":{"line":26,"column":13},"end":{"line":26,"column":30}},"17":{"start":{"line":27,"column":4},"end":{"line":27,"column":73}},"18":{"start":{"line":28,"column":4},"end":{"line":28,"column":60}},"19":{"start":{"line":32,"column":0},"end":{"line":57,"column":1}},"20":{"start":{"line":33,"column":2},"end":{"line":56,"column":4}},"21":{"start":{"line":34,"column":4},"end":{"line":37,"column":5}},"22":{"start":{"line":35,"column":6},"end":{"line":35,"column":24}},"23":{"start":{"line":36,"column":6},"end":{"line":36,"column":18}},"24":{"start":{"line":38,"column":4},"end":{"line":40,"column":5}},"25":{"start":{"line":39,"column":6},"end":{"line":39,"column":65}},"26":{"start":{"line":42,"column":4},"end":{"line":42,"column":77}},"27":{"start":{"line":43,"column":4},"end":{"line":50,"column":5}},"28":{"start":{"line":44,"column":6},"end":{"line":49,"column":9}},"29":{"start":{"line":45,"column":8},"end":{"line":48,"column":11}},"30":{"start":{"line":46,"column":10},"end":{"line":46,"column":32}},"31":{"start":{"line":47,"column":10},"end":{"line":47,"column":62}},"32":{"start":{"line":52,"column":4},"end":{"line":55,"column":7}},"33":{"start":{"line":53,"column":6},"end":{"line":53,"column":28}},"34":{"start":{"line":54,"column":6},"end":{"line":54,"column":62}},"35":{"start":{"line":59,"column":0},"end":{"line":59,"column":41}},"36":{"start":{"line":60,"column":0},"end":{"line":60,"column":54}},"37":{"start":{"line":61,"column":0},"end":{"line":61,"column":28}}},"branchMap":{"1":{"line":17,"type":"if","locations":[{"start":{"line":17,"column":2},"end":{"line":17,"column":2}},{"start":{"line":17,"column":2},"end":{"line":17,"column":2}}]},"2":{"line":21,"type":"if","locations":[{"start":{"line":21,"column":2},"end":{"line":21,"column":2}},{"start":{"line":21,"column":2},"end":{"line":21,"column":2}}]},"3":{"line":26,"type":"if","locations":[{"start":{"line":26,"column":4},"end":{"line":26,"column":4}},{"start":{"line":26,"column":4},"end":{"line":26,"column":4}}]},"4":{"line":34,"type":"if","locations":[{"start":{"line":34,"column":4},"end":{"line":34,"column":4}},{"start":{"line":34,"column":4},"end":{"line":34,"column":4}}]},"5":{"line":38,"type":"if","locations":[{"start":{"line":38,"column":4},"end":{"line":38,"column":4}},{"start":{"line":38,"column":4},"end":{"line":38,"column":4}}]},"6":{"line":43,"type":"if","locations":[{"start":{"line":43,"column":4},"end":{"line":43,"column":4}},{"start":{"line":43,"column":4},"end":{"line":43,"column":4}}]},"7":{"line":46,"type":"binary-expr","locations":[{"start":{"line":46,"column":19},"end":{"line":46,"column":25}},{"start":{"line":46,"column":29},"end":{"line":46,"column":31}}]},"8":{"line":53,"type":"binary-expr","locations":[{"start":{"line":53,"column":15},"end":{"line":53,"column":21}},{"start":{"line":53,"column":25},"end":{"line":53,"column":27}}]}},"code":["'use strict';","","var _require = require('./util');","","var ensureDirectory = _require.ensureDirectory;","","var isFunction = require('lodash/isFunction');","var EmailTemplate = require('./email-template').default;","var debug = require('debug')('email-templates:creator');","","var _require2 = require('path');","","var basename = _require2.basename;","","","function exportable(templateDirectory, options, done) {","  if (isFunction(options)) {","    done = options;","    options = {};","  }","  if (!templateDirectory) {","    return done(new Error('templateDirectory is undefined'));","  }","","  return ensureDirectory(templateDirectory, function (err) {","    if (err) return done(err);","    debug('Creating Email Templates in %s', basename(templateDirectory));","    return done(null, template(templateDirectory, options));","  });","}","","function template(templateDirectory, options) {","  return function _template(directory, locals, callback) {","    if (isFunction(locals)) {","      callback = locals;","      locals = {};","    }","    if (directory == null) {","      return callback(new Error('templateName was not defined'));","    }","","    var et = new EmailTemplate(templateDirectory + '/' + directory, options);","    if (locals === true) {","      return callback(null, function (locals, dir, next) {","        et.render(locals, function (err, result) {","          result = result || {};","          next(err, result.html, result.text, result.subject);","        });","      });","    }","","    et.render(locals, function (err, result) {","      result = result || {};","      callback(err, result.html, result.text, result.subject);","    });","  };","}","","exportable.EmailTemplate = EmailTemplate;","exportable.requires = require('consolidate').requires;","module.exports = exportable;"],"l":{"3":1,"5":1,"7":1,"8":1,"9":1,"11":1,"13":1,"16":1,"17":0,"18":0,"19":0,"21":0,"22":0,"25":0,"26":0,"27":0,"28":0,"32":1,"33":0,"34":0,"35":0,"36":0,"38":0,"39":0,"42":0,"43":0,"44":0,"45":0,"46":0,"47":0,"52":0,"53":0,"54":0,"59":1,"60":1,"61":1}},"/home/travis/build/npmtest/node-npmtest-email-templates/node_modules/email-templates/lib/util.js":{"path":"/home/travis/build/npmtest/node-npmtest-email-templates/node_modules/email-templates/lib/util.js","s":{"1":1,"2":1,"3":1,"4":1,"5":1,"6":1,"7":1,"8":1,"9":1,"10":1,"11":1,"12":1,"13":1,"14":1,"15":1,"16":2,"17":1,"18":1,"19":1,"20":0,"21":0,"22":0,"23":0,"24":0,"25":0,"26":0,"27":1,"28":0,"29":0,"30":0,"31":0,"32":0,"33":0,"34":0,"35":0,"36":0,"37":0,"38":1,"39":0,"40":0,"41":0,"42":0,"43":1,"44":0,"45":0,"46":0,"47":0,"48":0,"49":0,"50":0,"51":0,"52":0,"53":1,"54":0,"55":0,"56":0,"57":0,"58":0,"59":0,"60":0,"61":1,"62":0,"63":0,"64":0},"b":{"1":[0,2],"2":[2,2],"3":[0,0],"4":[0,0],"5":[0,0],"6":[0,0],"7":[0,0],"8":[0,0],"9":[0,0],"10":[0,0],"11":[0,0],"12":[0,0],"13":[0,0],"14":[0,0],"15":[0,0]},"f":{"1":2,"2":0,"3":0,"4":0,"5":0,"6":0,"7":0,"8":0,"9":0,"10":0,"11":0,"12":0,"13":0,"14":0,"15":0,"16":0},"fnMap":{"1":{"name":"_interopRequireDefault","line":27,"loc":{"start":{"line":27,"column":0},"end":{"line":27,"column":37}}},"2":{"name":"ensureDirectory","line":32,"loc":{"start":{"line":32,"column":0},"end":{"line":32,"column":41}}},"3":{"name":"(anonymous_3)","line":33,"loc":{"start":{"line":33,"column":32},"end":{"line":33,"column":59}}},"4":{"name":"(anonymous_4)","line":34,"loc":{"start":{"line":34,"column":24},"end":{"line":34,"column":45}}},"5":{"name":"resolveTPLFolder","line":49,"loc":{"start":{"line":49,"column":0},"end":{"line":49,"column":50}}},"6":{"name":"(anonymous_6)","line":50,"loc":{"start":{"line":50,"column":32},"end":{"line":50,"column":59}}},"7":{"name":"(anonymous_7)","line":51,"loc":{"start":{"line":51,"column":34},"end":{"line":51,"column":54}}},"8":{"name":"(anonymous_8)","line":55,"loc":{"start":{"line":55,"column":34},"end":{"line":55,"column":54}}},"9":{"name":"getRootTemplateFolder","line":68,"loc":{"start":{"line":68,"column":0},"end":{"line":68,"column":51}}},"10":{"name":"afterCheckIfFolderExists","line":69,"loc":{"start":{"line":69,"column":30},"end":{"line":69,"column":69}}},"11":{"name":"getLocalizedETF","line":81,"loc":{"start":{"line":81,"column":0},"end":{"line":81,"column":53}}},"12":{"name":"afterCheckIfFolderExists","line":85,"loc":{"start":{"line":85,"column":19},"end":{"line":85,"column":58}}},"13":{"name":"readContents","line":94,"loc":{"start":{"line":94,"column":0},"end":{"line":94,"column":34}}},"14":{"name":"(anonymous_14)","line":95,"loc":{"start":{"line":95,"column":47},"end":{"line":95,"column":64}}},"15":{"name":"(anonymous_15)","line":98,"loc":{"start":{"line":98,"column":44},"end":{"line":98,"column":63}}},"16":{"name":"renderFile","line":108,"loc":{"start":{"line":108,"column":0},"end":{"line":108,"column":35}}}},"statementMap":{"1":{"start":{"line":3,"column":0},"end":{"line":5,"column":3}},"2":{"start":{"line":6,"column":0},"end":{"line":6,"column":42}},"3":{"start":{"line":7,"column":0},"end":{"line":7,"column":44}},"4":{"start":{"line":8,"column":0},"end":{"line":8,"column":54}},"5":{"start":{"line":9,"column":0},"end":{"line":9,"column":42}},"6":{"start":{"line":10,"column":0},"end":{"line":10,"column":36}},"7":{"start":{"line":11,"column":0},"end":{"line":11,"column":32}},"8":{"start":{"line":13,"column":0},"end":{"line":13,"column":36}},"9":{"start":{"line":15,"column":0},"end":{"line":15,"column":51}},"10":{"start":{"line":17,"column":0},"end":{"line":17,"column":24}},"11":{"start":{"line":19,"column":0},"end":{"line":19,"column":28}},"12":{"start":{"line":21,"column":0},"end":{"line":21,"column":43}},"13":{"start":{"line":23,"column":0},"end":{"line":23,"column":53}},"14":{"start":{"line":25,"column":0},"end":{"line":25,"column":28}},"15":{"start":{"line":27,"column":0},"end":{"line":27,"column":95}},"16":{"start":{"line":27,"column":39},"end":{"line":27,"column":93}},"17":{"start":{"line":29,"column":0},"end":{"line":29,"column":59}},"18":{"start":{"line":30,"column":0},"end":{"line":30,"column":57}},"19":{"start":{"line":32,"column":0},"end":{"line":40,"column":1}},"20":{"start":{"line":33,"column":2},"end":{"line":39,"column":23}},"21":{"start":{"line":34,"column":4},"end":{"line":38,"column":7}},"22":{"start":{"line":35,"column":6},"end":{"line":35,"column":34}},"23":{"start":{"line":35,"column":15},"end":{"line":35,"column":34}},"24":{"start":{"line":36,"column":6},"end":{"line":36,"column":47}},"25":{"start":{"line":36,"column":31},"end":{"line":36,"column":47}},"26":{"start":{"line":37,"column":6},"end":{"line":37,"column":16}},"27":{"start":{"line":49,"column":0},"end":{"line":61,"column":1}},"28":{"start":{"line":50,"column":2},"end":{"line":60,"column":23}},"29":{"start":{"line":51,"column":4},"end":{"line":59,"column":7}},"30":{"start":{"line":52,"column":6},"end":{"line":52,"column":34}},"31":{"start":{"line":52,"column":15},"end":{"line":52,"column":34}},"32":{"start":{"line":53,"column":6},"end":{"line":53,"column":35}},"33":{"start":{"line":53,"column":15},"end":{"line":53,"column":35}},"34":{"start":{"line":55,"column":6},"end":{"line":58,"column":9}},"35":{"start":{"line":56,"column":8},"end":{"line":56,"column":36}},"36":{"start":{"line":56,"column":17},"end":{"line":56,"column":36}},"37":{"start":{"line":57,"column":8},"end":{"line":57,"column":21}},"38":{"start":{"line":68,"column":0},"end":{"line":73,"column":1}},"39":{"start":{"line":69,"column":2},"end":{"line":72,"column":5}},"40":{"start":{"line":70,"column":4},"end":{"line":70,"column":30}},"41":{"start":{"line":70,"column":13},"end":{"line":70,"column":30}},"42":{"start":{"line":71,"column":4},"end":{"line":71,"column":29}},"43":{"start":{"line":81,"column":0},"end":{"line":92,"column":1}},"44":{"start":{"line":82,"column":2},"end":{"line":82,"column":51}},"45":{"start":{"line":82,"column":37},"end":{"line":82,"column":51}},"46":{"start":{"line":84,"column":2},"end":{"line":84,"column":48}},"47":{"start":{"line":85,"column":2},"end":{"line":91,"column":5}},"48":{"start":{"line":86,"column":4},"end":{"line":89,"column":5}},"49":{"start":{"line":87,"column":6},"end":{"line":87,"column":47}},"50":{"start":{"line":87,"column":33},"end":{"line":87,"column":47}},"51":{"start":{"line":88,"column":6},"end":{"line":88,"column":23}},"52":{"start":{"line":90,"column":4},"end":{"line":90,"column":18}},"53":{"start":{"line":94,"column":0},"end":{"line":106,"column":1}},"54":{"start":{"line":95,"column":2},"end":{"line":105,"column":5}},"55":{"start":{"line":96,"column":4},"end":{"line":96,"column":35}},"56":{"start":{"line":96,"column":23},"end":{"line":96,"column":35}},"57":{"start":{"line":98,"column":4},"end":{"line":104,"column":7}},"58":{"start":{"line":99,"column":6},"end":{"line":99,"column":39}},"59":{"start":{"line":99,"column":27},"end":{"line":99,"column":39}},"60":{"start":{"line":100,"column":6},"end":{"line":103,"column":8}},"61":{"start":{"line":108,"column":0},"end":{"line":111,"column":1}},"62":{"start":{"line":109,"column":2},"end":{"line":109,"column":53}},"63":{"start":{"line":109,"column":13},"end":{"line":109,"column":53}},"64":{"start":{"line":110,"column":2},"end":{"line":110,"column":53}}},"branchMap":{"1":{"line":27,"type":"cond-expr","locations":[{"start":{"line":27,"column":70},"end":{"line":27,"column":73}},{"start":{"line":27,"column":76},"end":{"line":27,"column":92}}]},"2":{"line":27,"type":"binary-expr","locations":[{"start":{"line":27,"column":46},"end":{"line":27,"column":49}},{"start":{"line":27,"column":53},"end":{"line":27,"column":67}}]},"3":{"line":35,"type":"if","locations":[{"start":{"line":35,"column":6},"end":{"line":35,"column":6}},{"start":{"line":35,"column":6},"end":{"line":35,"column":6}}]},"4":{"line":36,"type":"if","locations":[{"start":{"line":36,"column":6},"end":{"line":36,"column":6}},{"start":{"line":36,"column":6},"end":{"line":36,"column":6}}]},"5":{"line":52,"type":"if","locations":[{"start":{"line":52,"column":6},"end":{"line":52,"column":6}},{"start":{"line":52,"column":6},"end":{"line":52,"column":6}}]},"6":{"line":53,"type":"if","locations":[{"start":{"line":53,"column":6},"end":{"line":53,"column":6}},{"start":{"line":53,"column":6},"end":{"line":53,"column":6}}]},"7":{"line":56,"type":"if","locations":[{"start":{"line":56,"column":8},"end":{"line":56,"column":8}},{"start":{"line":56,"column":8},"end":{"line":56,"column":8}}]},"8":{"line":70,"type":"if","locations":[{"start":{"line":70,"column":4},"end":{"line":70,"column":4}},{"start":{"line":70,"column":4},"end":{"line":70,"column":4}}]},"9":{"line":82,"type":"if","locations":[{"start":{"line":82,"column":2},"end":{"line":82,"column":2}},{"start":{"line":82,"column":2},"end":{"line":82,"column":2}}]},"10":{"line":82,"type":"binary-expr","locations":[{"start":{"line":82,"column":6},"end":{"line":82,"column":13}},{"start":{"line":82,"column":17},"end":{"line":82,"column":35}}]},"11":{"line":86,"type":"if","locations":[{"start":{"line":86,"column":4},"end":{"line":86,"column":4}},{"start":{"line":86,"column":4},"end":{"line":86,"column":4}}]},"12":{"line":87,"type":"if","locations":[{"start":{"line":87,"column":6},"end":{"line":87,"column":6}},{"start":{"line":87,"column":6},"end":{"line":87,"column":6}}]},"13":{"line":96,"type":"if","locations":[{"start":{"line":96,"column":4},"end":{"line":96,"column":4}},{"start":{"line":96,"column":4},"end":{"line":96,"column":4}}]},"14":{"line":99,"type":"if","locations":[{"start":{"line":99,"column":6},"end":{"line":99,"column":6}},{"start":{"line":99,"column":6},"end":{"line":99,"column":6}}]},"15":{"line":109,"type":"if","locations":[{"start":{"line":109,"column":2},"end":{"line":109,"column":2}},{"start":{"line":109,"column":2},"end":{"line":109,"column":2}}]}},"code":["'use strict';","","Object.defineProperty(exports, \"__esModule\", {","  value: true","});","exports.ensureDirectory = ensureDirectory;","exports.resolveTPLFolder = resolveTPLFolder;","exports.getRootTemplateFolder = getRootTemplateFolder;","exports.getLocalizedETF = getLocalizedETF;","exports.readContents = readContents;","exports.renderFile = renderFile;","","var _bluebird = require('bluebird');","","var _bluebird2 = _interopRequireDefault(_bluebird);","","var _fs = require('fs');","","var _glob = require('glob');","","var _glob2 = _interopRequireDefault(_glob);","","var _templateManager = require('./template-manager');","","var _path = require('path');","","function _interopRequireDefault(obj) { return obj && obj.__esModule ? obj : { default: obj }; }","","var readFileP = _bluebird2.default.promisify(_fs.readFile);","var globP = _bluebird2.default.promisify(_glob2.default);","","function ensureDirectory(path, callback) {","  return new _bluebird2.default(function (resolve, reject) {","    (0, _fs.stat)(path, function (err, stat) {","      if (err) return reject(err);","      if (!stat.isDirectory()) return reject();","      resolve();","    });","  }).nodeify(callback);","}","","/**"," * Return the localized email tempalte folder or default email template folder"," *"," * @param  {String}   locale locale or null for get email without locale"," * @param  {Function} cb     callback how run with: error, folder"," * @return {Object} promisse"," */","function resolveTPLFolder(path, locale, callback) {","  return new _bluebird2.default(function (resolve, reject) {","    getLocalizedETF(path, locale, function (err, tpl) {","      if (err) return reject(err);","      if (tpl) return resolve(tpl);","","      getRootTemplateFolder(path, function (err, tpl) {","        if (err) return reject(err);","        resolve(tpl);","      });","    });","  }).nodeify(callback);","}","","/**"," * Get email template folder, this is the default folder with out localizations"," *"," * @param  {Function} done callback run with error,folder"," */","function getRootTemplateFolder(templatePath, done) {","  (0, _fs.stat)(templatePath, function afterCheckIfFolderExists(err) {","    if (err) return done(err);","    done(null, templatePath);","  });","}","","/**"," * Get localized email template folder"," *"," * @param  {String}   locale"," * @param  {Function} done   callback run with error,folder"," */","function getLocalizedETF(templatePath, locale, done) {","  if (!locale || locale === 'en-us') return done();","","  var p = (0, _path.join)(templatePath, locale);","  (0, _fs.stat)(p, function afterCheckIfFolderExists(err) {","    if (err) {","      if (err.code === 'ENOENT') return done(); // not found","      return done(err); // unknow error","    }","    done(null, p);","  });","}","","function readContents(path, type) {","  return globP(path + '/*' + type + '.*').then(function (files) {","    if (!files.length) return null;","","    return readFileP(files[0], 'utf8').then(function (content) {","      if (!content.length) return null;","      return {","        filename: files[0],","        content: content","      };","    });","  });","}","","function renderFile(file, options) {","  if (!file) return _bluebird2.default.resolve(null);","  return (0, _templateManager.render)(file, options);","}"],"l":{"3":1,"6":1,"7":1,"8":1,"9":1,"10":1,"11":1,"13":1,"15":1,"17":1,"19":1,"21":1,"23":1,"25":1,"27":2,"29":1,"30":1,"32":1,"33":0,"34":0,"35":0,"36":0,"37":0,"49":1,"50":0,"51":0,"52":0,"53":0,"55":0,"56":0,"57":0,"68":1,"69":0,"70":0,"71":0,"81":1,"82":0,"84":0,"85":0,"86":0,"87":0,"88":0,"90":0,"94":1,"95":0,"96":0,"98":0,"99":0,"100":0,"108":1,"109":0,"110":0}},"/home/travis/build/npmtest/node-npmtest-email-templates/node_modules/email-templates/lib/template-manager.js":{"path":"/home/travis/build/npmtest/node-npmtest-email-templates/node_modules/email-templates/lib/template-manager.js","s":{"1":1,"2":1,"3":1,"4":1,"5":1,"6":1,"7":1,"8":1,"9":2,"10":1,"11":1,"12":0,"13":0,"14":0,"15":0,"16":0,"17":0,"18":0,"19":0,"20":0,"21":0,"22":0,"23":0,"24":0,"25":0,"26":0,"27":0,"28":0,"29":0,"30":0,"31":0,"32":0,"33":1,"34":0,"35":0,"36":0,"37":0,"38":0,"39":1,"40":0,"41":0,"42":0,"43":0,"44":0,"45":0,"46":0,"47":0,"48":1,"49":0,"50":0,"51":0,"52":1,"53":0,"54":0,"55":0,"56":1,"57":0,"58":0,"59":0,"60":0,"61":0,"62":0,"63":0,"64":0,"65":0,"66":0,"67":1,"68":0},"b":{"1":[0,2],"2":[2,2],"3":[0,0],"4":[0,0],"5":[0,0],"6":[0,0],"7":[0,0],"8":[0,0],"9":[0,0],"10":[0,0],"11":[0,0],"12":[0,0],"13":[0,0]},"f":{"1":2,"2":0,"3":0,"4":0,"5":0,"6":0,"7":0,"8":0,"9":0,"10":0,"11":0,"12":0,"13":0,"14":0},"fnMap":{"1":{"name":"_interopRequireDefault","line":18,"loc":{"start":{"line":18,"column":0},"end":{"line":18,"column":37}}},"2":{"name":"render","line":44,"loc":{"start":{"line":44,"column":0},"end":{"line":44,"column":22}}},"3":{"name":"(anonymous_3)","line":51,"loc":{"start":{"line":51,"column":32},"end":{"line":51,"column":59}}},"4":{"name":"(anonymous_4)","line":62,"loc":{"start":{"line":62,"column":67},"end":{"line":62,"column":92}}},"5":{"name":"renderEmblem","line":76,"loc":{"start":{"line":76,"column":0},"end":{"line":76,"column":38}}},"6":{"name":"renderLess","line":86,"loc":{"start":{"line":86,"column":0},"end":{"line":86,"column":36}}},"7":{"name":"(anonymous_7)","line":91,"loc":{"start":{"line":91,"column":32},"end":{"line":91,"column":56}}},"8":{"name":"(anonymous_8)","line":95,"loc":{"start":{"line":95,"column":7},"end":{"line":95,"column":30}}},"9":{"name":"renderStylus","line":102,"loc":{"start":{"line":102,"column":0},"end":{"line":102,"column":38}}},"10":{"name":"renderStyl","line":111,"loc":{"start":{"line":111,"column":0},"end":{"line":111,"column":36}}},"11":{"name":"renderSass","line":118,"loc":{"start":{"line":118,"column":0},"end":{"line":118,"column":36}}},"12":{"name":"(anonymous_12)","line":129,"loc":{"start":{"line":129,"column":32},"end":{"line":129,"column":56}}},"13":{"name":"(anonymous_13)","line":130,"loc":{"start":{"line":130,"column":24},"end":{"line":130,"column":45}}},"14":{"name":"renderDefault","line":137,"loc":{"start":{"line":137,"column":0},"end":{"line":137,"column":31}}}},"statementMap":{"1":{"start":{"line":3,"column":0},"end":{"line":5,"column":3}},"2":{"start":{"line":6,"column":0},"end":{"line":6,"column":24}},"3":{"start":{"line":8,"column":0},"end":{"line":8,"column":28}},"4":{"start":{"line":10,"column":0},"end":{"line":10,"column":42}},"5":{"start":{"line":12,"column":0},"end":{"line":12,"column":57}},"6":{"start":{"line":14,"column":0},"end":{"line":14,"column":36}},"7":{"start":{"line":16,"column":0},"end":{"line":16,"column":51}},"8":{"start":{"line":18,"column":0},"end":{"line":18,"column":95}},"9":{"start":{"line":18,"column":39},"end":{"line":18,"column":93}},"10":{"start":{"line":20,"column":0},"end":{"line":38,"column":2}},"11":{"start":{"line":44,"column":0},"end":{"line":73,"column":1}},"12":{"start":{"line":45,"column":2},"end":{"line":45,"column":87}},"13":{"start":{"line":46,"column":2},"end":{"line":46,"column":30}},"14":{"start":{"line":47,"column":2},"end":{"line":47,"column":31}},"15":{"start":{"line":48,"column":2},"end":{"line":48,"column":29}},"16":{"start":{"line":51,"column":2},"end":{"line":72,"column":23}},"17":{"start":{"line":52,"column":4},"end":{"line":52,"column":58}},"18":{"start":{"line":52,"column":18},"end":{"line":52,"column":58}},"19":{"start":{"line":53,"column":4},"end":{"line":53,"column":53}},"20":{"start":{"line":53,"column":19},"end":{"line":53,"column":53}},"21":{"start":{"line":54,"column":4},"end":{"line":54,"column":55}},"22":{"start":{"line":56,"column":4},"end":{"line":56,"column":31}},"23":{"start":{"line":57,"column":4},"end":{"line":57,"column":33}},"24":{"start":{"line":58,"column":4},"end":{"line":58,"column":55}},"25":{"start":{"line":60,"column":4},"end":{"line":70,"column":5}},"26":{"start":{"line":62,"column":6},"end":{"line":65,"column":9}},"27":{"start":{"line":63,"column":8},"end":{"line":63,"column":36}},"28":{"start":{"line":63,"column":17},"end":{"line":63,"column":36}},"29":{"start":{"line":64,"column":8},"end":{"line":64,"column":26}},"30":{"start":{"line":68,"column":6},"end":{"line":68,"column":33}},"31":{"start":{"line":69,"column":6},"end":{"line":69,"column":42}},"32":{"start":{"line":71,"column":4},"end":{"line":71,"column":65}},"33":{"start":{"line":76,"column":0},"end":{"line":83,"column":1}},"34":{"start":{"line":77,"column":2},"end":{"line":77,"column":33}},"35":{"start":{"line":78,"column":2},"end":{"line":78,"column":41}},"36":{"start":{"line":79,"column":2},"end":{"line":79,"column":129}},"37":{"start":{"line":81,"column":2},"end":{"line":81,"column":52}},"38":{"start":{"line":82,"column":2},"end":{"line":82,"column":54}},"39":{"start":{"line":86,"column":0},"end":{"line":100,"column":1}},"40":{"start":{"line":87,"column":2},"end":{"line":87,"column":29}},"41":{"start":{"line":88,"column":2},"end":{"line":88,"column":48}},"42":{"start":{"line":89,"column":2},"end":{"line":89,"column":50}},"43":{"start":{"line":91,"column":2},"end":{"line":99,"column":5}},"44":{"start":{"line":92,"column":4},"end":{"line":98,"column":7}},"45":{"start":{"line":96,"column":6},"end":{"line":96,"column":34}},"46":{"start":{"line":96,"column":15},"end":{"line":96,"column":34}},"47":{"start":{"line":97,"column":6},"end":{"line":97,"column":33}},"48":{"start":{"line":102,"column":0},"end":{"line":109,"column":1}},"49":{"start":{"line":103,"column":2},"end":{"line":103,"column":33}},"50":{"start":{"line":107,"column":2},"end":{"line":107,"column":42}},"51":{"start":{"line":108,"column":2},"end":{"line":108,"column":41}},"52":{"start":{"line":111,"column":0},"end":{"line":116,"column":1}},"53":{"start":{"line":112,"column":2},"end":{"line":112,"column":29}},"54":{"start":{"line":114,"column":2},"end":{"line":114,"column":44}},"55":{"start":{"line":115,"column":2},"end":{"line":115,"column":41}},"56":{"start":{"line":118,"column":0},"end":{"line":135,"column":1}},"57":{"start":{"line":119,"column":2},"end":{"line":119,"column":34}},"58":{"start":{"line":121,"column":2},"end":{"line":121,"column":23}},"59":{"start":{"line":123,"column":2},"end":{"line":127,"column":3}},"60":{"start":{"line":124,"column":4},"end":{"line":124,"column":76}},"61":{"start":{"line":126,"column":4},"end":{"line":126,"column":48}},"62":{"start":{"line":129,"column":2},"end":{"line":134,"column":5}},"63":{"start":{"line":130,"column":4},"end":{"line":133,"column":7}},"64":{"start":{"line":131,"column":6},"end":{"line":131,"column":34}},"65":{"start":{"line":131,"column":15},"end":{"line":131,"column":34}},"66":{"start":{"line":132,"column":6},"end":{"line":132,"column":32}},"67":{"start":{"line":137,"column":0},"end":{"line":139,"column":1}},"68":{"start":{"line":138,"column":2},"end":{"line":138,"column":44}}},"branchMap":{"1":{"line":18,"type":"cond-expr","locations":[{"start":{"line":18,"column":70},"end":{"line":18,"column":73}},{"start":{"line":18,"column":76},"end":{"line":18,"column":92}}]},"2":{"line":18,"type":"binary-expr","locations":[{"start":{"line":18,"column":46},"end":{"line":18,"column":49}},{"start":{"line":18,"column":53},"end":{"line":18,"column":67}}]},"3":{"line":45,"type":"cond-expr","locations":[{"start":{"line":45,"column":69},"end":{"line":45,"column":71}},{"start":{"line":45,"column":74},"end":{"line":45,"column":86}}]},"4":{"line":45,"type":"binary-expr","locations":[{"start":{"line":45,"column":15},"end":{"line":45,"column":36}},{"start":{"line":45,"column":40},"end":{"line":45,"column":66}}]},"5":{"line":52,"type":"if","locations":[{"start":{"line":52,"column":4},"end":{"line":52,"column":4}},{"start":{"line":52,"column":4},"end":{"line":52,"column":4}}]},"6":{"line":53,"type":"if","locations":[{"start":{"line":53,"column":4},"end":{"line":53,"column":4}},{"start":{"line":53,"column":4},"end":{"line":53,"column":4}}]},"7":{"line":60,"type":"if","locations":[{"start":{"line":60,"column":4},"end":{"line":60,"column":4}},{"start":{"line":60,"column":4},"end":{"line":60,"column":4}}]},"8":{"line":60,"type":"binary-expr","locations":[{"start":{"line":60,"column":8},"end":{"line":60,"column":21}},{"start":{"line":60,"column":25},"end":{"line":60,"column":68}}]},"9":{"line":63,"type":"if","locations":[{"start":{"line":63,"column":8},"end":{"line":63,"column":8}},{"start":{"line":63,"column":8},"end":{"line":63,"column":8}}]},"10":{"line":96,"type":"if","locations":[{"start":{"line":96,"column":6},"end":{"line":96,"column":6}},{"start":{"line":96,"column":6},"end":{"line":96,"column":6}}]},"11":{"line":97,"type":"binary-expr","locations":[{"start":{"line":97,"column":11},"end":{"line":97,"column":21}},{"start":{"line":97,"column":25},"end":{"line":97,"column":31}}]},"12":{"line":123,"type":"if","locations":[{"start":{"line":123,"column":2},"end":{"line":123,"column":2}},{"start":{"l
[...]
line":151,"column":8},"end":{"line":151,"column":8}}]},"32":{"line":162,"type":"if","locations":[{"start":{"line":162,"column":6},"end":{"line":162,"column":6}},{"start":{"line":162,"column":6},"end":{"line":162,"column":6}}]},"33":{"line":162,"type":"binary-expr","locations":[{"start":{"line":162,"column":10},"end":{"line":162,"column":17}},{"start":{"line":162,"column":21},"end":{"line":162,"column":30}},{"start":{"line":162,"column":34},"end":{"line":162,"column":67}}]},"34":{"line":176,"type":"if","locations":[{"start":{"line":176,"column":8},"end":{"line":176,"column":8}},{"start":{"line":176,"column":8},"end":{"line":176,"column":8}}]},"35":{"line":177,"type":"if","locations":[{"start":{"line":177,"column":8},"end":{"line":177,"column":8}},{"start":{"line":177,"column":8},"end":{"line":177,"column":8}}]},"36":{"line":178,"type":"if","locations":[{"start":{"line":178,"column":8},"end":{"line":178,"column":8}},{"start":{"line":178,"column":8},"end":{"line":178,"column":8}}]},"37":{"line":181,"type":"binary-expr","locations":[{"start":{"line":181,"column":58},"end":{"line":181,"column":85}},{"start":{"line":181,"column":89},"end":{"line":181,"column":91}}]},"38":{"line":189,"type":"if","locations":[{"start":{"line":189,"column":6},"end":{"line":189,"column":6}},{"start":{"line":189,"column":6},"end":{"line":189,"column":6}}]},"39":{"line":192,"type":"if","locations":[{"start":{"line":192,"column":13},"end":{"line":192,"column":13}},{"start":{"line":192,"column":13},"end":{"line":192,"column":13}}]},"40":{"line":196,"type":"if","locations":[{"start":{"line":196,"column":6},"end":{"line":196,"column":6}},{"start":{"line":196,"column":6},"end":{"line":196,"column":6}}]},"41":{"line":196,"type":"binary-expr","locations":[{"start":{"line":196,"column":10},"end":{"line":196,"column":19}},{"start":{"line":196,"column":23},"end":{"line":196,"column":56}}]},"42":{"line":222,"type":"if","locations":[{"start":{"line":222,"column":8},"end":{"line":222,"column":8}},{"start":{"line":222,"column":8},"end":{"line":222,"column":8}}]},"43":{"line":227,"type":"if","locations":[{"start":{"line":227,"column":8},"end":{"line":227,"column":8}},{"start":{"line":227,"column":8},"end":{"line":227,"column":8}}]},"44":{"line":229,"type":"if","locations":[{"start":{"line":229,"column":8},"end":{"line":229,"column":8}},{"start":{"line":229,"column":8},"end":{"line":229,"column":8}}]}},"code":["'use strict';","","Object.defineProperty(exports, \"__esModule\", {","  value: true","});","","var _slicedToArray = function () { function sliceIterator(arr, i) { var _arr = []; var _n = true; var _d = false; var _e = undefined; try { for (var _i = arr[Symbol.iterator](), _s; !(_n = (_s = _i.next()).done); _n = true) { _arr.push(_s.value); if (i && _arr.length === i) break; } } catch (err) { _d = true; _e = err; } finally { try { if (!_n && _i[\"return\"]) _i[\"return\"](); } finally { if (_d) throw _e; } } return _arr; } return function (arr, i) { if (Array.isArray(arr)) { return arr; } else if (Symbol.iterator in Object(arr)) { return sliceIterator(arr, i); } else { throw new TypeError(\"Invalid attempt to destructure non-iterable instance\"); } }; }();","","var _createClass = function () { function defineProperties(target, props) { for (var i = 0; i < props.length; i++) { var descriptor = props[i]; descriptor.enumerable = descriptor.enumerable || false; descriptor.configurable = true; if (\"value\" in descriptor) descriptor.writable = true; Object.defineProperty(target, descriptor.key, descriptor); } } return function (Constructor, protoProps, staticProps) { if (protoProps) defineProperties(Constructor.prototype, protoProps); if (staticProps) defineProperties(Constructor, staticProps); return Constructor; }; }();","","var _bluebird = require('bluebird');","","var _bluebird2 = _interopRequireDefault(_bluebird);","","var _debug = require('debug');","","var _debug2 = _interopRequireDefault(_debug);","","var _path = require('path');","","var _juice = require('juice');","","var _juice2 = _interopRequireDefault(_juice);","","var _isFunction = require('lodash/isFunction');","","var _isFunction2 = _interopRequireDefault(_isFunction);","","var _assign = require('lodash/assign');","","var _assign2 = _interopRequireDefault(_assign);","","var _util = require('./util');","","function _interopRequireDefault(obj) { return obj && obj.__esModule ? obj : { default: obj }; }","","function _classCallCheck(instance, Constructor) { if (!(instance instanceof Constructor)) { throw new TypeError(\"Cannot call a class as a function\"); } }","","var debug = (0, _debug2.default)('email-templates:email-template');","","var EmailTemplate = function () {","  function EmailTemplate(path) {","    var options = arguments.length <= 1 || arguments[1] === undefined ? {} : arguments[1];","","    _classCallCheck(this, EmailTemplate);","","    this.path = path;","    this.dirname = (0, _path.basename)(path);","    this.options = options;","    debug('Creating Email template for path %s', (0, _path.basename)(path));","    // localized templates cache","    this.ltpls = {};","  }","","  _createClass(EmailTemplate, [{","    key: '_init',","    value: function _init(locale) {","      var _this = this;","","      if (!locale) locale = 'en-us';","","      if (!this.ltpls[locale]) this.ltpls[locale] = { files: {} };","","      if (this.ltpls[locale].isInited) {","        return _bluebird2.default.resolve(); // i18n cache","      }","","      debug('Initializing templates');","      return (0, _util.resolveTPLFolder)(this.path, locale).then(function (p) {","        return _this._loadTemplates(p, locale);","      }).then(function () {","        _this.ltpls[locale].isInited = true;","        debug('Finished initializing templates');","      });","    }","  }, {","    key: '_loadTemplates',","    value: function _loadTemplates(p, locale) {","      var _this2 = this;","","      return _bluebird2.default.map(['html', 'text', 'style', 'subject'], function (type) {","        return (0, _util.readContents)(p, type);","      }).then(function (files) {","        var _files = _slicedToArray(files, 4);","","        var html = _files[0];","        var text = _files[1];","        var style = _files[2];","        var subject = _files[3];","","","        if (!html && !text) {","          var err = new Error('Neither html nor text template files found or are both empty in path ' + _this2.dirname);","          err.code = 'ENOENT';","          throw err;","        }","","        if (html) {","          debug('Found HTML file %s in %s', (0, _path.basename)(html.filename), _this2.dirname);","        }","        _this2.ltpls[locale].files.html = html;","","        if (text) {","          debug('Found text %s file in %s', (0, _path.basename)(text.filename), _this2.dirname);","        }","        _this2.ltpls[locale].files.text = text;","","        if (style) {","          debug('Found stylesheet %s in %s', (0, _path.basename)(style.filename), _this2.dirname);","        }","        _this2.ltpls[locale].files.style = style;","","        if (subject) {","          debug('Found subject %s in %s', (0, _path.basename)(subject.filename), _this2.dirname);","        }","        _this2.ltpls[locale].files.subject = subject;","","        debug('Finished loading template');","      });","    }","  }, {","    key: 'renderText',","    value: function renderText(locals, locale, callback) {","      var _this3 = this;","","      if (!locale || !callback && (0, _isFunction2.default)(locale)) {","        callback = locale;","        locale = 'en-us';","      }","","      debug('Rendering text');","      return this._init(locale).then(function () {","        if (!_this3.ltpls[locale].files.text) return null;","        return (0, _util.renderFile)(_this3.ltpls[locale].files.text, locals);","      }).tap(function () {","        return debug('Finished rendering text');","      }).nodeify(callback);","    }","  }, {","    key: 'renderSubject',","    value: function renderSubject(locals, locale, callback) {","      var _this4 = this;","","      if (!locale || !callback && (0, _isFunction2.default)(locale)) {","        callback = locale; // locale is optional","        locale = 'en-us';","      }","","      debug('Rendering subject');","      return this._init(locale).then(function () {","        if (!_this4.ltpls[locale].files.subject) return null;","        return (0, _util.renderFile)(_this4.ltpls[locale].files.subject, locals);","      }).tap(function () {","        return debug('Finished rendering subject');","      }).nodeify(callback);","    }","  }, {","    key: 'renderHtml',","    value: function renderHtml(locals, locale, callback) {","      var _this5 = this;","","      if (!locale || !callback && (0, _isFunction2.default)(locale)) {","        callback = locale; // locale is optional","        locale = 'en-us';","      }","","      debug('Rendering HTML');","      return this._init(locale).then(function () {","        return _bluebird2.default.all([(0, _util.renderFile)(_this5.ltpls[locale].files.html, locals), _this5._renderStyle(locals, locale)]);","      }).then(function (results) {","        var _results = _slicedToArray(results, 2);","","        var html = _results[0];","        var style = _results[1];","","        if (!style) return html;","        if (_this5.options.disableJuice) return html;","        if (_this5.options.juiceOptions) {","          debug('Using juice options ', _this5.options.juiceOptions);","        }","        return _juice2.default.inlineContent(html, style, _this5.options.juiceOptions || {});","      }).tap(function () {","        return debug('Finished rendering HTML');","      }).nodeify(callback);","    }","  }, {","    key: 'render',","    value: function render(locals, locale, callback) {","      if ((0, _isFunction2.default)(locals)) {","        callback = locals;","        locals = {};","      } else if (locals) {","        locals = (0, _assign2.default)({}, locals);","      }","","      if (!callback && (0, _isFunction2.default)(locale)) {","        callback = locale; // locale is optional","        locale = 'en-us';","      }","","      debug('Rendering template with locals %j', locals);","","      return _bluebird2.default.all([this.renderHtml(locals, locale), this.renderText(locals, locale), this.renderSubject(locals, locale)]).then(function (rendered) {","        var _rendered = _slicedToArray(rendered, 3);","","        var html = _rendered[0];","        var text = _rendered[1];","        var subject = _rendered[2];","","        return {","          html: html, text: text, subject: subject","        };","      }).nodeify(callback);","    }","  }, {","    key: '_renderStyle',","    value: function _renderStyle(locals, locale) {","      var _this6 = this;","","      return new _bluebird2.default(function (resolve) {","        // cached","        if (_this6.ltpls[locale].style !== undefined) {","          return resolve(_this6.ltpls[locale].style);","        }","","        // no style","        if (!_this6.ltpls[locale].files.style) return resolve(null);","","        if (_this6.options.sassOptions) {","          locals = (0, _assign2.default)({}, locals, _this6.options.sassOptions);","        }","","        debug('Rendering stylesheet');","","        resolve((0, _util.renderFile)(_this6.ltpls[locale].files.style, locals).then(function (style) {","          _this6.ltpls[locale].style = style;","          debug('Finished rendering stylesheet');","          return style;","        }));","      });","    }","  }]);","","  return EmailTemplate;","}();","","exports.default = EmailTemplate;"],"l":{"3":1,"7":1,"9":7,"11":1,"13":1,"15":1,"17":1,"19":1,"21":1,"23":1,"25":1,"27":1,"29":1,"31":1,"33":1,"35":5,"37":1,"39":1,"41":1,"42":1,"43":0,"45":0,"47":0,"48":0,"49":0,"50":0,"52":0,"55":1,"58":0,"60":0,"62":0,"64":0,"65":0,"68":0,"69":0,"70":0,"72":0,"73":0,"79":0,"81":0,"82":0,"84":0,"86":0,"87":0,"88":0,"89":0,"92":0,"93":0,"94":0,"95":0,"98":0,"99":0,"101":0,"103":0,"104":0,"106":0,"108":0,"109":0,"111":0,"113":0,"114":0,"116":0,"118":0,"124":0,"126":0,"127":0,"128":0,"131":0,"132":0,"133":0,"134":0,"136":0,"142":0,"144":0,"145":0,"146":0,"149":0,"150":0,"151":0,"152":0,"154":0,"160":0,"162":0,"163":0,"164":0,"167":0,"168":0,"169":0,"171":0,"173":0,"174":0,"176":0,"177":0,"178":0,"179":0,"181":0,"183":0,"189":0,"190":0,"191":0,"192":0,"193":0,"196":0,"197":0,"198":0,"201":0,"203":0,"204":0,"206":0,"207":0,"208":0,"210":0,"218":0,"220":0,"222":0,"223":0,"227":0,"229":0,"230":0,"233":0,"235":0,"236":0,"237":0,"238":0,"244":1,"247":1}},"/home/travis/build/npmtest/node-npmtest-email-templates/node_modules/email-templates/index.js":{"path":"/home/travis/build/npmtest/node-npmtest-email-templates/node_modules/email-templates/index.js","s":{"1":1},"b":{},"f":{},"fnMap":{},"statementMap":{"1":{"start":{"line":1,"column":0},"end":{"line":1,"column":38}}},"branchMap":{},"code":["module.exports = require('./lib/main')",""],"l":{"1":1}},"/home/travis/build/npmtest/node-npmtest-email-templates/node_modules/email-templates/src/main.js":{"path":"/home/travis/build/npmtest/node-npmtest-email-templates/node_modules/email-templates/src/main.js","s":{"1":2,"2":0,"3":0,"4":0,"5":0,"6":1,"7":0,"8":0,"9":0,"10":0,"11":0,"12":0,"13":0,"14":0,"15":0,"16":0,"17":1,"18":0,"19":0,"20":0,"21":0,"22":0,"23":0,"24":0,"25":0,"26":0,"27":0,"28":0,"29":0,"30":0,"31":0,"32":0,"33":0,"34":0,"35":0},"b":{"1":[0,0],"2":[0,0],"3":[0,0],"4":[0,0],"5":[0,0],"6":[0,0],"7":[0,0],"8":[0,0]},"f":{"1":0,"2":0,"3":0,"4":0,"5":0,"6":0,"7":0},"fnMap":{"1":{"name":"exportable","line":7,"loc":{"start":{"line":7,"column":0},"end":{"line":7,"column":55}}},"2":{"name":"(anonymous_2)","line":16,"loc":{"start":{"line":16,"column":44},"end":{"line":16,"column":59}}},"3":{"name":"template","line":23,"loc":{"start":{"line":23,"column":0},"end":{"line":23,"column":47}}},"4":{"name":"_template","line":24,"loc":{"start":{"line":24,"column":9},"end":{"line":24,"column":58}}},"5":{"name":"(anonymous_5)","line":35,"loc":{"start":{"line":35,"column":28},"end":{"line":35,"column":57}}},"6":{"name":"(anonymous_6)","line":36,"loc":{"start":{"line":36,"column":26},"end":{"line":36,"column":49}}},"7":{"name":"(anonymous_7)","line":43,"loc":{"start":{"line":43,"column":22},"end":{"line":43,"column":45}}}},"statementMap":{"1":{"start":{"line":1,"column":0},"end":{"line":1,"column":43}},"2":{"start":{"line":2,"column":0},"end":{"line":2,"column":47}},"3":{"start":{"line":3,"column":0},"end":{"line":3,"column":57}},"4":{"start":{"line":4,"column":0},"end":{"line":4,"column":57}},"5":{"start":{"line":5,"column":0},"end":{"line":5,"column":34}},"6":{"start":{"line":7,"column":0},"end":{"line":21,"column":1}},"7":{"start":{"line":8,"column":2},"end":{"line":11,"column":3}},"8":{"start":{"line":9,"column":4},"end":{"line":9,"column":18}},"9":{"start":{"line":10,"column":4},"end":{"line":10,"column":16}},"10":{"start":{"line":12,"column":2},"end":{"line":14,"column":3}},"11":{"start":{"line":13,"column":4},"end":{"line":13,"column":60}},"12":{"start":{"line":16,"column":2},"end":{"line":20,"column":4}},"13":{"start":{"line":17,"column":4},"end":{"line":17,"column":29}},"14":{"start":{"line":17,"column":13},"end":{"line":17,"column":29}},"15":{"start":{"line":18,"column":4},"end":{"line":18,"column":72}},"16":{"start":{"line":19,"column":4},"end":{"line":19,"column":59}},"17":{"start":{"line":23,"column":0},"end":{"line":48,"column":1}},"18":{"start":{"line":24,"column":2},"end":{"line":47,"column":3}},"19":{"start":{"line":25,"column":4},"end":{"line":28,"column":5}},"20":{"start":{"line":26,"column":6},"end":{"line":26,"column":23}},"21":{"start":{"line":27,"column":6},"end":{"line":27,"column":17}},"22":{"start":{"line":29,"column":4},"end":{"line":31,"column":5}},"23":{"start":{"line":30,"column":6},"end":{"line":30,"column":64}},"24":{"start":{"line":33,"column":4},"end":{"line":33,"column":76}},"25":{"start":{"line":34,"column":4},"end":{"line":41,"column":5}},"26":{"start":{"line":35,"column":6},"end":{"line":40,"column":8}},"27":{"start":{"line":36,"column":8},"end":{"line":39,"column":10}},"28":{"start":{"line":37,"column":10},"end":{"line":37,"column":31}},"29":{"start":{"line":38,"column":10},"end":{"line":38,"column":61}},"30":{"start":{"line":43,"column":4},"end":{"line":46,"column":6}},"31":{"start":{"line":44,"column":6},"end":{"line":44,"column":27}},"32":{"start":{"line":45,"column":6},"end":{"line":45,"column":61}},"33":{"start":{"line":50,"column":0},"end":{"line":50,"column":40}},"34":{"start":{"line":51,"column":0},"end":{"line":51,"column":53}},"35":{"start":{"line":52,"column":0},"end":{"line":52,"column":27}}},"branchMap":{"1":{"line":8,"type":"if","locations":[{"start":{"line":8,"column":2},"end":{"line":8,"column":2}},{"start":{"line":8,"column":2},"end":{"line":8,"column":2}}]},"2":{"line":12,"type":"if","locations":[{"start":{"line":12,"column":2},"end":{"line":12,"column":2}},{"start":{"line":12,"column":2},"end":{"line":12,"column":2}}]},"3":{"line":17,"type":"if","locations":[{"start":{"line":17,"column":4},"end":{"line":17,"column":4}},{"start":{"line":17,"column":4},"end":{"line":17,"column":4}}]},"4":{"line":25,"type":"if","locations":[{"start":{"line":25,"column":4},"end":{"line":25,"column":4}},{"start":{"line":25,"column":4},"end":{"line":25,"column":4}}]},"5":{"line":29,"type":"if","locations":[{"start":{"line":29,"column":4},"end":{"line":29,"column":4}},{"start":{"line":29,"column":4},"end":{"line":29,"column":4}}]},"6":{"line":34,"type":"if","locations":[{"start":{"line":34,"column":4},"end":{"line":34,"column":4}},{"start":{"line":34,"column":4},"end":{"line":34,"column":4}}]},"7":{"line":37,"type":"binary-expr","locations":[{"start":{"line":37,"column":19},"end":{"line":37,"column":25}},{"start":{"line":37,"column":29},"end":{"line":37,"column":31}}]},"8":{"line":44,"type":"binary-expr","locations":[{"start":{"line":44,"column":15},"end":{"line":44,"column":21}},{"start":{"line":44,"column":25},"end":{"line":44,"column":27}}]}},"code":["const {ensureDirectory} = require('./util')","const isFunction = require('lodash/isFunction')","const EmailTemplate = require('./email-template').default","const debug = require('debug')('email-templates:creator')","const {basename} = require('path')","","function exportable (templateDirectory, options, done) {","  if (isFunction(options)) {","    done = options","    options = {}","  }","  if (!templateDirectory) {","    return done(new Error('templateDirectory is undefined'))","  }","","  return ensureDirectory(templateDirectory, function (err) {","    if (err) return done(err)","    debug('Creating Email Templates in %s', basename(templateDirectory))","    return done(null, template(templateDirectory, options))","  })","}","","function template (templateDirectory, options) {","  return function _template (directory, locals, callback) {","    if (isFunction(locals)) {","      callback = locals","      locals = {}","    }","    if (directory == null) {","      return callback(new Error('templateName was not defined'))","    }","","    var et = new EmailTemplate(`${templateDirectory}/${directory}`, options)","    if (locals === true) {","      return callback(null, function (locals, dir, next) {","        et.render(locals, function (err, result) {","          result = result || {}","          next(err, result.html, result.text, result.subject)","        })","      })","    }","","    et.render(locals, function (err, result) {","      result = result || {}","      callback(err, result.html, result.text, result.subject)","    })","  }","}","","exportable.EmailTemplate = EmailTemplate","exportable.requires = require('consolidate').requires","module.exports = exportable",""],"l":{"1":2,"2":0,"3":0,"4":0,"5":0,"7":1,"8":0,"9":0,"10":0,"12":0,"13":0,"16":0,"17":0,"18":0,"19":0,"23":1,"24":0,"25":0,"26":0,"27":0,"29":0,"30":0,"33":0,"34":0,"35":0,"36":0,"37":0,"38":0,"43":0,"44":0,"45":0,"50":0,"51":0,"52":0}}}